{"/Users/dudleyspence/GitHub Projects/PeaceOfMind/PeaceOfMind-API/app.js": {"path":"/Users/dudleyspence/GitHub Projects/PeaceOfMind/PeaceOfMind-API/app.js","statementMap":{"0":{"start":{"line":1,"column":18},"end":{"line":1,"column":47}},"1":{"start":{"line":2,"column":24},"end":{"line":2,"column":61}},"2":{"start":{"line":3,"column":16},"end":{"line":3,"column":34}},"3":{"start":{"line":4,"column":12},"end":{"line":4,"column":21}},"4":{"start":{"line":5,"column":13},"end":{"line":5,"column":28}},"5":{"start":{"line":6,"column":0},"end":{"line":6,"column":16}},"6":{"start":{"line":8,"column":16},"end":{"line":8,"column":48}},"7":{"start":{"line":10,"column":0},"end":{"line":10,"column":24}},"8":{"start":{"line":16,"column":4},"end":{"line":16,"column":30}},"9":{"start":{"line":18,"column":0},"end":{"line":20,"column":3}},"10":{"start":{"line":19,"column":2},"end":{"line":19,"column":38}},"11":{"start":{"line":22,"column":0},"end":{"line":24,"column":1}},"12":{"start":{"line":23,"column":2},"end":{"line":23,"column":35}},"13":{"start":{"line":27,"column":0},"end":{"line":27,"column":68}},"14":{"start":{"line":30,"column":0},"end":{"line":32,"column":3}},"15":{"start":{"line":31,"column":2},"end":{"line":31,"column":51}},"16":{"start":{"line":35,"column":0},"end":{"line":35,"column":26}},"17":{"start":{"line":36,"column":0},"end":{"line":36,"column":27}},"18":{"start":{"line":37,"column":0},"end":{"line":37,"column":27}},"19":{"start":{"line":39,"column":0},"end":{"line":39,"column":21}}},"fnMap":{"0":{"name":"(anonymous_0)","decl":{"start":{"line":18,"column":16},"end":{"line":18,"column":17}},"loc":{"start":{"line":18,"column":36},"end":{"line":20,"column":1}},"line":18},"1":{"name":"(anonymous_1)","decl":{"start":{"line":30,"column":13},"end":{"line":30,"column":14}},"loc":{"start":{"line":30,"column":36},"end":{"line":32,"column":1}},"line":30}},"branchMap":{},"s":{"0":1,"1":1,"2":1,"3":1,"4":1,"5":1,"6":1,"7":1,"8":1,"9":1,"10":0,"11":1,"12":7,"13":1,"14":1,"15":1,"16":1,"17":1,"18":1,"19":1},"f":{"0":0,"1":1},"b":{},"_coverageSchema":"1a1c01bbd47fc00a2c39e90264f33305004495a9","hash":"e36da30dd6713437bda57c28f87666164ce7fa1d"}
,"/Users/dudleyspence/GitHub Projects/PeaceOfMind/PeaceOfMind-API/config/loadEnvironment.js": {"path":"/Users/dudleyspence/GitHub Projects/PeaceOfMind/PeaceOfMind-API/config/loadEnvironment.js","statementMap":{"0":{"start":{"line":1,"column":15},"end":{"line":1,"column":32}},"1":{"start":{"line":4,"column":14},"end":{"line":4,"column":51}},"2":{"start":{"line":5,"column":2},"end":{"line":5,"column":48}},"3":{"start":{"line":7,"column":20},"end":{"line":7,"column":69}},"4":{"start":{"line":9,"column":2},"end":{"line":9,"column":28}},"5":{"start":{"line":12,"column":0},"end":{"line":12,"column":26}}},"fnMap":{"0":{"name":"getEnv","decl":{"start":{"line":3,"column":9},"end":{"line":3,"column":15}},"loc":{"start":{"line":3,"column":18},"end":{"line":10,"column":1}},"line":3}},"branchMap":{"0":{"loc":{"start":{"line":4,"column":14},"end":{"line":4,"column":51}},"type":"binary-expr","locations":[{"start":{"line":4,"column":14},"end":{"line":4,"column":34}},{"start":{"line":4,"column":38},"end":{"line":4,"column":51}}],"line":4},"1":{"loc":{"start":{"line":7,"column":20},"end":{"line":7,"column":69}},"type":"binary-expr","locations":[{"start":{"line":7,"column":20},"end":{"line":7,"column":41}},{"start":{"line":7,"column":45},"end":{"line":7,"column":69}}],"line":7}},"s":{"0":1,"1":1,"2":1,"3":1,"4":1,"5":1},"f":{"0":1},"b":{"0":[1,0],"1":[1,0]},"_coverageSchema":"1a1c01bbd47fc00a2c39e90264f33305004495a9","hash":"e431f378515a081a600e0cb7360da3a04839897f"}
,"/Users/dudleyspence/GitHub Projects/PeaceOfMind/PeaceOfMind-API/controllers/carer.controller.js": {"path":"/Users/dudleyspence/GitHub Projects/PeaceOfMind/PeaceOfMind-API/controllers/carer.controller.js","statementMap":{"0":{"start":{"line":8,"column":4},"end":{"line":8,"column":36}},"1":{"start":{"line":9,"column":17},"end":{"line":9,"column":36}},"2":{"start":{"line":11,"column":0},"end":{"line":48,"column":2}},"3":{"start":{"line":12,"column":23},"end":{"line":12,"column":33}},"4":{"start":{"line":13,"column":25},"end":{"line":13,"column":33}},"5":{"start":{"line":15,"column":2},"end":{"line":17,"column":3}},"6":{"start":{"line":16,"column":4},"end":{"line":16,"column":78}},"7":{"start":{"line":19,"column":2},"end":{"line":21,"column":3}},"8":{"start":{"line":20,"column":4},"end":{"line":20,"column":80}},"9":{"start":{"line":23,"column":2},"end":{"line":47,"column":7}},"10":{"start":{"line":29,"column":6},"end":{"line":31,"column":7}},"11":{"start":{"line":30,"column":8},"end":{"line":30,"column":68}},"12":{"start":{"line":33,"column":6},"end":{"line":42,"column":9}},"13":{"start":{"line":38,"column":8},"end":{"line":40,"column":9}},"14":{"start":{"line":39,"column":10},"end":{"line":39,"column":72}},"15":{"start":{"line":41,"column":8},"end":{"line":41,"column":50}},"16":{"start":{"line":45,"column":6},"end":{"line":45,"column":61}},"17":{"start":{"line":46,"column":6},"end":{"line":46,"column":16}},"18":{"start":{"line":50,"column":0},"end":{"line":63,"column":2}},"19":{"start":{"line":51,"column":22},"end":{"line":51,"column":32}},"20":{"start":{"line":53,"column":2},"end":{"line":62,"column":17}},"21":{"start":{"line":57,"column":6},"end":{"line":59,"column":7}},"22":{"start":{"line":58,"column":8},"end":{"line":58,"column":68}},"23":{"start":{"line":60,"column":6},"end":{"line":60,"column":41}}},"fnMap":{"0":{"name":"(anonymous_0)","decl":{"start":{"line":11,"column":36},"end":{"line":11,"column":37}},"loc":{"start":{"line":11,"column":56},"end":{"line":48,"column":1}},"line":11},"1":{"name":"(anonymous_1)","decl":{"start":{"line":28,"column":10},"end":{"line":28,"column":11}},"loc":{"start":{"line":28,"column":28},"end":{"line":43,"column":5}},"line":28},"2":{"name":"(anonymous_2)","decl":{"start":{"line":37,"column":13},"end":{"line":37,"column":14}},"loc":{"start":{"line":37,"column":33},"end":{"line":42,"column":7}},"line":37},"3":{"name":"(anonymous_3)","decl":{"start":{"line":44,"column":11},"end":{"line":44,"column":12}},"loc":{"start":{"line":44,"column":20},"end":{"line":47,"column":5}},"line":44},"4":{"name":"(anonymous_4)","decl":{"start":{"line":50,"column":27},"end":{"line":50,"column":28}},"loc":{"start":{"line":50,"column":47},"end":{"line":63,"column":1}},"line":50},"5":{"name":"(anonymous_5)","decl":{"start":{"line":56,"column":10},"end":{"line":56,"column":11}},"loc":{"start":{"line":56,"column":21},"end":{"line":61,"column":5}},"line":56}},"branchMap":{"0":{"loc":{"start":{"line":15,"column":2},"end":{"line":17,"column":3}},"type":"if","locations":[{"start":{"line":15,"column":2},"end":{"line":17,"column":3}},{"start":{},"end":{}}],"line":15},"1":{"loc":{"start":{"line":19,"column":2},"end":{"line":21,"column":3}},"type":"if","locations":[{"start":{"line":19,"column":2},"end":{"line":21,"column":3}},{"start":{},"end":{}}],"line":19},"2":{"loc":{"start":{"line":29,"column":6},"end":{"line":31,"column":7}},"type":"if","locations":[{"start":{"line":29,"column":6},"end":{"line":31,"column":7}},{"start":{},"end":{}}],"line":29},"3":{"loc":{"start":{"line":38,"column":8},"end":{"line":40,"column":9}},"type":"if","locations":[{"start":{"line":38,"column":8},"end":{"line":40,"column":9}},{"start":{},"end":{}}],"line":38},"4":{"loc":{"start":{"line":57,"column":6},"end":{"line":59,"column":7}},"type":"if","locations":[{"start":{"line":57,"column":6},"end":{"line":59,"column":7}},{"start":{},"end":{}}],"line":57}},"s":{"0":1,"1":1,"2":1,"3":4,"4":4,"5":4,"6":1,"7":3,"8":0,"9":3,"10":3,"11":1,"12":2,"13":2,"14":1,"15":1,"16":0,"17":0,"18":1,"19":2,"20":2,"21":2,"22":1,"23":1},"f":{"0":4,"1":3,"2":2,"3":0,"4":2,"5":2},"b":{"0":[1,3],"1":[0,3],"2":[1,2],"3":[1,1],"4":[1,1]},"_coverageSchema":"1a1c01bbd47fc00a2c39e90264f33305004495a9","hash":"4ce0c45e252fbc34c1f0b32a6a5b7de925ce4cdd"}
,"/Users/dudleyspence/GitHub Projects/PeaceOfMind/PeaceOfMind-API/controllers/comment.controller.js": {"path":"/Users/dudleyspence/GitHub Projects/PeaceOfMind/PeaceOfMind-API/controllers/comment.controller.js","statementMap":{"0":{"start":{"line":8,"column":4},"end":{"line":8,"column":36}},"1":{"start":{"line":9,"column":17},"end":{"line":9,"column":36}},"2":{"start":{"line":11,"column":0},"end":{"line":35,"column":2}},"3":{"start":{"line":12,"column":21},"end":{"line":12,"column":42}},"4":{"start":{"line":14,"column":2},"end":{"line":34,"column":7}},"5":{"start":{"line":17,"column":6},"end":{"line":22,"column":9}},"6":{"start":{"line":25,"column":6},"end":{"line":25,"column":43}},"7":{"start":{"line":28,"column":6},"end":{"line":32,"column":7}},"8":{"start":{"line":29,"column":8},"end":{"line":31,"column":11}},"9":{"start":{"line":33,"column":6},"end":{"line":33,"column":16}}},"fnMap":{"0":{"name":"(anonymous_0)","decl":{"start":{"line":11,"column":24},"end":{"line":11,"column":25}},"loc":{"start":{"line":11,"column":44},"end":{"line":35,"column":1}},"line":11},"1":{"name":"(anonymous_1)","decl":{"start":{"line":16,"column":10},"end":{"line":16,"column":11}},"loc":{"start":{"line":16,"column":23},"end":{"line":23,"column":5}},"line":16},"2":{"name":"(anonymous_2)","decl":{"start":{"line":24,"column":10},"end":{"line":24,"column":11}},"loc":{"start":{"line":24,"column":23},"end":{"line":26,"column":5}},"line":24},"3":{"name":"(anonymous_3)","decl":{"start":{"line":27,"column":11},"end":{"line":27,"column":12}},"loc":{"start":{"line":27,"column":20},"end":{"line":34,"column":5}},"line":27}},"branchMap":{"0":{"loc":{"start":{"line":28,"column":6},"end":{"line":32,"column":7}},"type":"if","locations":[{"start":{"line":28,"column":6},"end":{"line":32,"column":7}},{"start":{},"end":{}}],"line":28}},"s":{"0":1,"1":1,"2":1,"3":0,"4":0,"5":0,"6":0,"7":0,"8":0,"9":0},"f":{"0":0,"1":0,"2":0,"3":0},"b":{"0":[0,0]},"_coverageSchema":"1a1c01bbd47fc00a2c39e90264f33305004495a9","hash":"1cacb1f14ef121235d6a907e26a38cfa228f3f61"}
,"/Users/dudleyspence/GitHub Projects/PeaceOfMind/PeaceOfMind-API/controllers/guardian.controller.js": {"path":"/Users/dudleyspence/GitHub Projects/PeaceOfMind/PeaceOfMind-API/controllers/guardian.controller.js","statementMap":{"0":{"start":{"line":8,"column":4},"end":{"line":8,"column":36}},"1":{"start":{"line":9,"column":17},"end":{"line":9,"column":36}},"2":{"start":{"line":11,"column":0},"end":{"line":50,"column":2}},"3":{"start":{"line":12,"column":26},"end":{"line":12,"column":36}},"4":{"start":{"line":13,"column":25},"end":{"line":13,"column":33}},"5":{"start":{"line":15,"column":2},"end":{"line":19,"column":3}},"6":{"start":{"line":16,"column":4},"end":{"line":18,"column":61}},"7":{"start":{"line":21,"column":2},"end":{"line":23,"column":3}},"8":{"start":{"line":22,"column":4},"end":{"line":22,"column":80}},"9":{"start":{"line":25,"column":2},"end":{"line":49,"column":7}},"10":{"start":{"line":31,"column":6},"end":{"line":33,"column":7}},"11":{"start":{"line":32,"column":8},"end":{"line":32,"column":71}},"12":{"start":{"line":35,"column":6},"end":{"line":44,"column":9}},"13":{"start":{"line":40,"column":8},"end":{"line":42,"column":9}},"14":{"start":{"line":41,"column":10},"end":{"line":41,"column":72}},"15":{"start":{"line":43,"column":8},"end":{"line":43,"column":53}},"16":{"start":{"line":47,"column":6},"end":{"line":47,"column":64}},"17":{"start":{"line":48,"column":6},"end":{"line":48,"column":16}},"18":{"start":{"line":52,"column":0},"end":{"line":65,"column":2}},"19":{"start":{"line":53,"column":22},"end":{"line":53,"column":32}},"20":{"start":{"line":55,"column":2},"end":{"line":64,"column":17}},"21":{"start":{"line":59,"column":6},"end":{"line":61,"column":7}},"22":{"start":{"line":60,"column":8},"end":{"line":60,"column":71}},"23":{"start":{"line":62,"column":6},"end":{"line":62,"column":44}}},"fnMap":{"0":{"name":"(anonymous_0)","decl":{"start":{"line":11,"column":39},"end":{"line":11,"column":40}},"loc":{"start":{"line":11,"column":59},"end":{"line":50,"column":1}},"line":11},"1":{"name":"(anonymous_1)","decl":{"start":{"line":30,"column":10},"end":{"line":30,"column":11}},"loc":{"start":{"line":30,"column":31},"end":{"line":45,"column":5}},"line":30},"2":{"name":"(anonymous_2)","decl":{"start":{"line":39,"column":13},"end":{"line":39,"column":14}},"loc":{"start":{"line":39,"column":33},"end":{"line":44,"column":7}},"line":39},"3":{"name":"(anonymous_3)","decl":{"start":{"line":46,"column":11},"end":{"line":46,"column":12}},"loc":{"start":{"line":46,"column":20},"end":{"line":49,"column":5}},"line":46},"4":{"name":"(anonymous_4)","decl":{"start":{"line":52,"column":29},"end":{"line":52,"column":30}},"loc":{"start":{"line":52,"column":49},"end":{"line":65,"column":1}},"line":52},"5":{"name":"(anonymous_5)","decl":{"start":{"line":58,"column":10},"end":{"line":58,"column":11}},"loc":{"start":{"line":58,"column":24},"end":{"line":63,"column":5}},"line":58}},"branchMap":{"0":{"loc":{"start":{"line":15,"column":2},"end":{"line":19,"column":3}},"type":"if","locations":[{"start":{"line":15,"column":2},"end":{"line":19,"column":3}},{"start":{},"end":{}}],"line":15},"1":{"loc":{"start":{"line":21,"column":2},"end":{"line":23,"column":3}},"type":"if","locations":[{"start":{"line":21,"column":2},"end":{"line":23,"column":3}},{"start":{},"end":{}}],"line":21},"2":{"loc":{"start":{"line":31,"column":6},"end":{"line":33,"column":7}},"type":"if","locations":[{"start":{"line":31,"column":6},"end":{"line":33,"column":7}},{"start":{},"end":{}}],"line":31},"3":{"loc":{"start":{"line":40,"column":8},"end":{"line":42,"column":9}},"type":"if","locations":[{"start":{"line":40,"column":8},"end":{"line":42,"column":9}},{"start":{},"end":{}}],"line":40},"4":{"loc":{"start":{"line":59,"column":6},"end":{"line":61,"column":7}},"type":"if","locations":[{"start":{"line":59,"column":6},"end":{"line":61,"column":7}},{"start":{},"end":{}}],"line":59}},"s":{"0":1,"1":1,"2":1,"3":4,"4":4,"5":4,"6":1,"7":3,"8":0,"9":3,"10":3,"11":1,"12":2,"13":2,"14":1,"15":1,"16":0,"17":0,"18":1,"19":2,"20":2,"21":2,"22":1,"23":1},"f":{"0":4,"1":3,"2":2,"3":0,"4":2,"5":2},"b":{"0":[1,3],"1":[0,3],"2":[1,2],"3":[1,1],"4":[1,1]},"_coverageSchema":"1a1c01bbd47fc00a2c39e90264f33305004495a9","hash":"02d9137f3e7783d699ab20fb1d5c5e1b81fb9607"}
,"/Users/dudleyspence/GitHub Projects/PeaceOfMind/PeaceOfMind-API/controllers/patient.controller.js": {"path":"/Users/dudleyspence/GitHub Projects/PeaceOfMind/PeaceOfMind-API/controllers/patient.controller.js","statementMap":{"0":{"start":{"line":8,"column":4},"end":{"line":8,"column":36}},"1":{"start":{"line":9,"column":17},"end":{"line":9,"column":36}},"2":{"start":{"line":10,"column":19},"end":{"line":10,"column":46}},"3":{"start":{"line":12,"column":0},"end":{"line":37,"column":2}},"4":{"start":{"line":13,"column":25},"end":{"line":13,"column":35}},"5":{"start":{"line":15,"column":2},"end":{"line":17,"column":3}},"6":{"start":{"line":16,"column":4},"end":{"line":16,"column":60}},"7":{"start":{"line":19,"column":2},"end":{"line":36,"column":17}},"8":{"start":{"line":28,"column":6},"end":{"line":30,"column":7}},"9":{"start":{"line":29,"column":8},"end":{"line":29,"column":70}},"10":{"start":{"line":31,"column":18},"end":{"line":31,"column":37}},"11":{"start":{"line":32,"column":25},"end":{"line":32,"column":43}},"12":{"start":{"line":33,"column":6},"end":{"line":33,"column":27}},"13":{"start":{"line":34,"column":6},"end":{"line":34,"column":39}},"14":{"start":{"line":39,"column":0},"end":{"line":67,"column":2}},"15":{"start":{"line":40,"column":25},"end":{"line":40,"column":35}},"16":{"start":{"line":41,"column":2},"end":{"line":43,"column":3}},"17":{"start":{"line":42,"column":4},"end":{"line":42,"column":60}},"18":{"start":{"line":45,"column":2},"end":{"line":66,"column":17}},"19":{"start":{"line":47,"column":6},"end":{"line":49,"column":7}},"20":{"start":{"line":48,"column":8},"end":{"line":48,"column":70}},"21":{"start":{"line":50,"column":6},"end":{"line":57,"column":11}},"22":{"start":{"line":60,"column":6},"end":{"line":64,"column":7}},"23":{"start":{"line":61,"column":8},"end":{"line":61,"column":40}},"24":{"start":{"line":63,"column":8},"end":{"line":63,"column":46}},"25":{"start":{"line":69,"column":0},"end":{"line":92,"column":2}},"26":{"start":{"line":70,"column":25},"end":{"line":70,"column":35}},"27":{"start":{"line":71,"column":2},"end":{"line":73,"column":3}},"28":{"start":{"line":72,"column":4},"end":{"line":72,"column":60}},"29":{"start":{"line":75,"column":2},"end":{"line":91,"column":17}},"30":{"start":{"line":77,"column":6},"end":{"line":79,"column":7}},"31":{"start":{"line":78,"column":8},"end":{"line":78,"column":70}},"32":{"start":{"line":81,"column":6},"end":{"line":81,"column":56}},"33":{"start":{"line":85,"column":6},"end":{"line":89,"column":7}},"34":{"start":{"line":86,"column":8},"end":{"line":86,"column":40}},"35":{"start":{"line":88,"column":8},"end":{"line":88,"column":50}},"36":{"start":{"line":94,"column":0},"end":{"line":115,"column":2}},"37":{"start":{"line":95,"column":25},"end":{"line":95,"column":35}},"38":{"start":{"line":96,"column":2},"end":{"line":98,"column":3}},"39":{"start":{"line":97,"column":4},"end":{"line":97,"column":60}},"40":{"start":{"line":100,"column":2},"end":{"line":114,"column":17}},"41":{"start":{"line":102,"column":6},"end":{"line":104,"column":7}},"42":{"start":{"line":103,"column":8},"end":{"line":103,"column":70}},"43":{"start":{"line":105,"column":6},"end":{"line":105,"column":56}},"44":{"start":{"line":108,"column":6},"end":{"line":112,"column":7}},"45":{"start":{"line":109,"column":8},"end":{"line":109,"column":40}},"46":{"start":{"line":111,"column":8},"end":{"line":111,"column":50}},"47":{"start":{"line":117,"column":0},"end":{"line":145,"column":2}},"48":{"start":{"line":118,"column":21},"end":{"line":118,"column":42}},"49":{"start":{"line":119,"column":2},"end":{"line":144,"column":7}},"50":{"start":{"line":122,"column":25},"end":{"line":122,"column":45}},"51":{"start":{"line":124,"column":6},"end":{"line":135,"column":21}},"52":{"start":{"line":130,"column":10},"end":{"line":132,"column":11}},"53":{"start":{"line":131,"column":12},"end":{"line":131,"column":75}},"54":{"start":{"line":133,"column":10},"end":{"line":133,"column":47}},"55":{"start":{"line":138,"column":6},"end":{"line":142,"column":7}},"56":{"start":{"line":139,"column":8},"end":{"line":141,"column":11}},"57":{"start":{"line":143,"column":6},"end":{"line":143,"column":16}},"58":{"start":{"line":147,"column":0},"end":{"line":165,"column":2}},"59":{"start":{"line":148,"column":25},"end":{"line":148,"column":35}},"60":{"start":{"line":149,"column":2},"end":{"line":151,"column":3}},"61":{"start":{"line":150,"column":4},"end":{"line":150,"column":60}},"62":{"start":{"line":152,"column":18},"end":{"line":152,"column":26}},"63":{"start":{"line":154,"column":2},"end":{"line":164,"column":17}},"64":{"start":{"line":159,"column":6},"end":{"line":161,"column":7}},"65":{"start":{"line":160,"column":8},"end":{"line":160,"column":70}},"66":{"start":{"line":162,"column":6},"end":{"line":162,"column":43}},"67":{"start":{"line":167,"column":0},"end":{"line":214,"column":2}},"68":{"start":{"line":168,"column":34},"end":{"line":168,"column":44}},"69":{"start":{"line":170,"column":2},"end":{"line":172,"column":3}},"70":{"start":{"line":171,"column":4},"end":{"line":171,"column":80}},"71":{"start":{"line":174,"column":13},"end":{"line":174,"column":30}},"72":{"start":{"line":176,"column":19},"end":{"line":186,"column":3}},"73":{"start":{"line":187,"column":22},"end":{"line":187,"column":46}},"74":{"start":{"line":189,"column":17},"end":{"line":199,"column":3}},"75":{"start":{"line":200,"column":20},"end":{"line":200,"column":42}},"76":{"start":{"line":202,"column":2},"end":{"line":213,"column":17}},"77":{"start":{"line":211,"column":6},"end":{"line":211,"column":34}},"78":{"start":{"line":216,"column":0},"end":{"line":234,"column":2}},"79":{"start":{"line":217,"column":25},"end":{"line":217,"column":35}},"80":{"start":{"line":219,"column":2},"end":{"line":221,"column":3}},"81":{"start":{"line":220,"column":4},"end":{"line":220,"column":80}},"82":{"start":{"line":223,"column":16},"end":{"line":223,"column":26}},"83":{"start":{"line":225,"column":2},"end":{"line":233,"column":17}},"84":{"start":{"line":231,"column":6},"end":{"line":231,"column":38}}},"fnMap":{"0":{"name":"(anonymous_0)","decl":{"start":{"line":12,"column":25},"end":{"line":12,"column":26}},"loc":{"start":{"line":12,"column":45},"end":{"line":37,"column":1}},"line":12},"1":{"name":"(anonymous_1)","decl":{"start":{"line":27,"column":10},"end":{"line":27,"column":11}},"loc":{"start":{"line":27,"column":23},"end":{"line":35,"column":5}},"line":27},"2":{"name":"(anonymous_2)","decl":{"start":{"line":39,"column":29},"end":{"line":39,"column":30}},"loc":{"start":{"line":39,"column":49},"end":{"line":67,"column":1}},"line":39},"3":{"name":"(anonymous_3)","decl":{"start":{"line":46,"column":10},"end":{"line":46,"column":11}},"loc":{"start":{"line":46,"column":23},"end":{"line":58,"column":5}},"line":46},"4":{"name":"(anonymous_4)","decl":{"start":{"line":59,"column":10},"end":{"line":59,"column":11}},"loc":{"start":{"line":59,"column":24},"end":{"line":65,"column":5}},"line":59},"5":{"name":"(anonymous_5)","decl":{"start":{"line":69,"column":34},"end":{"line":69,"column":35}},"loc":{"start":{"line":69,"column":54},"end":{"line":92,"column":1}},"line":69},"6":{"name":"(anonymous_6)","decl":{"start":{"line":76,"column":10},"end":{"line":76,"column":11}},"loc":{"start":{"line":76,"column":23},"end":{"line":82,"column":5}},"line":76},"7":{"name":"(anonymous_7)","decl":{"start":{"line":84,"column":10},"end":{"line":84,"column":11}},"loc":{"start":{"line":84,"column":28},"end":{"line":90,"column":5}},"line":84},"8":{"name":"(anonymous_8)","decl":{"start":{"line":94,"column":34},"end":{"line":94,"column":35}},"loc":{"start":{"line":94,"column":54},"end":{"line":115,"column":1}},"line":94},"9":{"name":"(anonymous_9)","decl":{"start":{"line":101,"column":10},"end":{"line":101,"column":11}},"loc":{"start":{"line":101,"column":23},"end":{"line":106,"column":5}},"line":101},"10":{"name":"(anonymous_10)","decl":{"start":{"line":107,"column":10},"end":{"line":107,"column":11}},"loc":{"start":{"line":107,"column":28},"end":{"line":113,"column":5}},"line":107},"11":{"name":"(anonymous_11)","decl":{"start":{"line":117,"column":24},"end":{"line":117,"column":25}},"loc":{"start":{"line":117,"column":44},"end":{"line":145,"column":1}},"line":117},"12":{"name":"(anonymous_12)","decl":{"start":{"line":121,"column":10},"end":{"line":121,"column":11}},"loc":{"start":{"line":121,"column":23},"end":{"line":136,"column":5}},"line":121},"13":{"name":"(anonymous_13)","decl":{"start":{"line":129,"column":14},"end":{"line":129,"column":15}},"loc":{"start":{"line":129,"column":35},"end":{"line":134,"column":9}},"line":129},"14":{"name":"(anonymous_14)","decl":{"start":{"line":137,"column":11},"end":{"line":137,"column":12}},"loc":{"start":{"line":137,"column":20},"end":{"line":144,"column":5}},"line":137},"15":{"name":"(anonymous_15)","decl":{"start":{"line":147,"column":28},"end":{"line":147,"column":29}},"loc":{"start":{"line":147,"column":48},"end":{"line":165,"column":1}},"line":147},"16":{"name":"(anonymous_16)","decl":{"start":{"line":158,"column":10},"end":{"line":158,"column":11}},"loc":{"start":{"line":158,"column":30},"end":{"line":163,"column":5}},"line":158},"17":{"name":"(anonymous_17)","decl":{"start":{"line":167,"column":33},"end":{"line":167,"column":34}},"loc":{"start":{"line":167,"column":53},"end":{"line":214,"column":1}},"line":167},"18":{"name":"(anonymous_18)","decl":{"start":{"line":210,"column":10},"end":{"line":210,"column":11}},"loc":{"start":{"line":210,"column":21},"end":{"line":212,"column":5}},"line":210},"19":{"name":"(anonymous_19)","decl":{"start":{"line":216,"column":39},"end":{"line":216,"column":40}},"loc":{"start":{"line":216,"column":59},"end":{"line":234,"column":1}},"line":216},"20":{"name":"(anonymous_20)","decl":{"start":{"line":230,"column":10},"end":{"line":230,"column":11}},"loc":{"start":{"line":230,"column":25},"end":{"line":232,"column":5}},"line":230}},"branchMap":{"0":{"loc":{"start":{"line":15,"column":2},"end":{"line":17,"column":3}},"type":"if","locations":[{"start":{"line":15,"column":2},"end":{"line":17,"column":3}},{"start":{},"end":{}}],"line":15},"1":{"loc":{"start":{"line":28,"column":6},"end":{"line":30,"column":7}},"type":"if","locations":[{"start":{"line":28,"column":6},"end":{"line":30,"column":7}},{"start":{},"end":{}}],"line":28},"2":{"loc":{"start":{"line":41,"column":2},"end":{"line":43,"column":3}},"type":"if","locations":[{"start":{"line":41,"column":2},"end":{"line":43,"column":3}},{"start":{},"end":{}}],"line":41},"3":{"loc":{"start":{"line":47,"column":6},"end":{"line":49,"column":7}},"type":"if","locations":[{"start":{"line":47,"column":6},"end":{"line":49,"column":7}},{"start":{},"end":{}}],"line":47},"4":{"loc":{"start":{"line":60,"column":6},"end":{"line":64,"column":7}},"type":"if","locations":[{"start":{"line":60,"column":6},"end":{"line":64,"column":7}},{"start":{"line":62,"column":13},"end":{"line":64,"column":7}}],"line":60},"5":{"loc":{"start":{"line":71,"column":2},"end":{"line":73,"column":3}},"type":"if","locations":[{"start":{"line":71,"column":2},"end":{"line":73,"column":3}},{"start":{},"end":{}}],"line":71},"6":{"loc":{"start":{"line":77,"column":6},"end":{"line":79,"column":7}},"type":"if","locations":[{"start":{"line":77,"column":6},"end":{"line":79,"column":7}},{"start":{},"end":{}}],"line":77},"7":{"loc":{"start":{"line":85,"column":6},"end":{"line":89,"column":7}},"type":"if","locations":[{"start":{"line":85,"column":6},"end":{"line":89,"column":7}},{"start":{"line":87,"column":13},"end":{"line":89,"column":7}}],"line":85},"8":{"loc":{"start":{"line":96,"column":2},"end":{"line":98,"column":3}},"type":"if","locations":[{"start":{"line":96,"column":2},"end":{"line":98,"column":3}},{"start":{},"end":{}}],"line":96},"9":{"loc":{"start":{"line":102,"column":6},"end":{"line":104,"column":7}},"type":"if","locations":[{"start":{"line":102,"column":6},"end":{"line":104,"column":7}},{"start":{},"end":{}}],"line":102},"10":{"loc":{"start":{"line":108,"column":6},"end":{"line":112,"column":7}},"type":"if","locations":[{"start":{"line":108,"column":6},"end":{"line":112,"column":7}},{"start":{"line":110,"column":13},"end":{"line":112,"column":7}}],"line":108},"11":{"loc":{"start":{"line":130,"column":10},"end":{"line":132,"column":11}},"type":"if","locations":[{"start":{"line":130,"column":10},"end":{"line":132,"column":11}},{"start":{},"end":{}}],"line":130},"12":{"loc":{"start":{"line":138,"column":6},"end":{"line":142,"column":7}},"type":"if","locations":[{"start":{"line":138,"column":6},"end":{"line":142,"column":7}},{"start":{},"end":{}}],"line":138},"13":{"loc":{"start":{"line":149,"column":2},"end":{"line":151,"column":3}},"type":"if","locations":[{"start":{"line":149,"column":2},"end":{"line":151,"column":3}},{"start":{},"end":{}}],"line":149},"14":{"loc":{"start":{"line":159,"column":6},"end":{"line":161,"column":7}},"type":"if","locations":[{"start":{"line":159,"column":6},"end":{"line":161,"column":7}},{"start":{},"end":{}}],"line":159},"15":{"loc":{"start":{"line":170,"column":2},"end":{"line":172,"column":3}},"type":"if","locations":[{"start":{"line":170,"column":2},"end":{"line":172,"column":3}},{"start":{},"end":{}}],"line":170},"16":{"loc":{"start":{"line":219,"column":2},"end":{"line":221,"column":3}},"type":"if","locations":[{"start":{"line":219,"column":2},"end":{"line":221,"column":3}},{"start":{},"end":{}}],"line":219}},"s":{"0":1,"1":1,"2":1,"3":1,"4":3,"5":3,"6":1,"7":2,"8":2,"9":1,"10":1,"11":1,"12":1,"13":1,"14":1,"15":3,"16":3,"17":1,"18":2,"19":2,"20":1,"21":1,"22":2,"23":0,"24":2,"25":1,"26":3,"27":3,"28":1,"29":2,"30":2,"31":1,"32":1,"33":2,"34":0,"35":2,"36":1,"37":3,"38":3,"39":1,"40":2,"41":2,"42":1,"43":1,"44":2,"45":1,"46":1,"47":1,"48":3,"49":3,"50":1,"51":1,"52":1,"53":0,"54":1,"55":2,"56":2,"57":0,"58":1,"59":1,"60":1,"61":0,"62":1,"63":1,"64":1,"65":0,"66":1,"67":1,"68":0,"69":0,"70":0,"71":0,"72":0,"73":0,"74":0,"75":0,"76":0,"77":0,"78":1,"79":0,"80":0,"81":0,"82":0,"83":0,"84":0},"f":{"0":3,"1":2,"2":3,"3":2,"4":2,"5":3,"6":2,"7":2,"8":3,"9":2,"10":2,"11":3,"12":1,"13":1,"14":2,"15":1,"16":1,"17":0,"18":0,"19":0,"20":0},"b":{"0":[1,2],"1":[1,1],"2":[1,2],"3":[1,1],"4":[0,2],"5":[1,2],"6":[1,1],"7":[0,2],"8":[1,2],"9":[1,1],"10":[1,1],"11":[0,1],"12":[2,0],"13":[0,1],"14":[0,1],"15":[0,0],"16":[0,0]},"_coverageSchema":"1a1c01bbd47fc00a2c39e90264f33305004495a9","hash":"ea9c2232dcb357fd2228596159e8a82c0723f3fa"}
,"/Users/dudleyspence/GitHub Projects/PeaceOfMind/PeaceOfMind-API/controllers/task.controller.js": {"path":"/Users/dudleyspence/GitHub Projects/PeaceOfMind/PeaceOfMind-API/controllers/task.controller.js","statementMap":{"0":{"start":{"line":8,"column":4},"end":{"line":8,"column":36}},"1":{"start":{"line":9,"column":17},"end":{"line":9,"column":36}},"2":{"start":{"line":11,"column":0},"end":{"line":28,"column":2}},"3":{"start":{"line":12,"column":30},"end":{"line":12,"column":40}},"4":{"start":{"line":13,"column":18},"end":{"line":13,"column":26}},"5":{"start":{"line":14,"column":2},"end":{"line":16,"column":3}},"6":{"start":{"line":15,"column":4},"end":{"line":15,"column":60}},"7":{"start":{"line":17,"column":2},"end":{"line":27,"column":17}},"8":{"start":{"line":22,"column":6},"end":{"line":24,"column":7}},"9":{"start":{"line":23,"column":8},"end":{"line":23,"column":67}},"10":{"start":{"line":25,"column":6},"end":{"line":25,"column":40}},"11":{"start":{"line":30,"column":0},"end":{"line":51,"column":2}},"12":{"start":{"line":31,"column":30},"end":{"line":31,"column":40}},"13":{"start":{"line":32,"column":2},"end":{"line":32,"column":31}},"14":{"start":{"line":34,"column":18},"end":{"line":34,"column":26}},"15":{"start":{"line":36,"column":2},"end":{"line":38,"column":3}},"16":{"start":{"line":37,"column":4},"end":{"line":37,"column":73}},"17":{"start":{"line":40,"column":2},"end":{"line":50,"column":17}},"18":{"start":{"line":45,"column":6},"end":{"line":47,"column":7}},"19":{"start":{"line":46,"column":8},"end":{"line":46,"column":76}},"20":{"start":{"line":48,"column":6},"end":{"line":48,"column":44}},"21":{"start":{"line":53,"column":0},"end":{"line":74,"column":2}},"22":{"start":{"line":54,"column":15},"end":{"line":54,"column":23}},"23":{"start":{"line":56,"column":23},"end":{"line":56,"column":40}},"24":{"start":{"line":57,"column":26},"end":{"line":57,"column":56}},"25":{"start":{"line":59,"column":2},"end":{"line":73,"column":5}},"26":{"start":{"line":60,"column":23},"end":{"line":60,"column":35}},"27":{"start":{"line":61,"column":4},"end":{"line":72,"column":5}},"28":{"start":{"line":62,"column":27},"end":{"line":62,"column":44}},"29":{"start":{"line":63,"column":6},"end":{"line":63,"column":41}},"30":{"start":{"line":65,"column":30},"end":{"line":65,"column":60}},"31":{"start":{"line":67,"column":6},"end":{"line":69,"column":9}},"32":{"start":{"line":68,"column":8},"end":{"line":68,"column":67}},"33":{"start":{"line":71,"column":6},"end":{"line":71,"column":44}},"34":{"start":{"line":76,"column":0},"end":{"line":87,"column":2}},"35":{"start":{"line":77,"column":26},"end":{"line":77,"column":36}},"36":{"start":{"line":79,"column":2},"end":{"line":86,"column":17}},"37":{"start":{"line":81,"column":6},"end":{"line":83,"column":7}},"38":{"start":{"line":82,"column":8},"end":{"line":82,"column":67}},"39":{"start":{"line":84,"column":6},"end":{"line":84,"column":69}},"40":{"start":{"line":89,"column":0},"end":{"line":100,"column":2}},"41":{"start":{"line":90,"column":26},"end":{"line":90,"column":36}},"42":{"start":{"line":92,"column":2},"end":{"line":99,"column":17}},"43":{"start":{"line":94,"column":6},"end":{"line":96,"column":7}},"44":{"start":{"line":95,"column":8},"end":{"line":95,"column":67}},"45":{"start":{"line":97,"column":6},"end":{"line":97,"column":69}}},"fnMap":{"0":{"name":"(anonymous_0)","decl":{"start":{"line":11,"column":29},"end":{"line":11,"column":30}},"loc":{"start":{"line":11,"column":49},"end":{"line":28,"column":1}},"line":11},"1":{"name":"(anonymous_1)","decl":{"start":{"line":21,"column":10},"end":{"line":21,"column":11}},"loc":{"start":{"line":21,"column":27},"end":{"line":26,"column":5}},"line":21},"2":{"name":"(anonymous_2)","decl":{"start":{"line":30,"column":29},"end":{"line":30,"column":30}},"loc":{"start":{"line":30,"column":49},"end":{"line":51,"column":1}},"line":30},"3":{"name":"(anonymous_3)","decl":{"start":{"line":44,"column":10},"end":{"line":44,"column":11}},"loc":{"start":{"line":44,"column":31},"end":{"line":49,"column":5}},"line":44},"4":{"name":"(anonymous_4)","decl":{"start":{"line":53,"column":19},"end":{"line":53,"column":20}},"loc":{"start":{"line":53,"column":39},"end":{"line":74,"column":1}},"line":53},"5":{"name":"(anonymous_5)","decl":{"start":{"line":59,"column":30},"end":{"line":59,"column":31}},"loc":{"start":{"line":59,"column":44},"end":{"line":73,"column":3}},"line":59},"6":{"name":"(anonymous_6)","decl":{"start":{"line":67,"column":34},"end":{"line":67,"column":35}},"loc":{"start":{"line":67,"column":48},"end":{"line":69,"column":7}},"line":67},"7":{"name":"(anonymous_7)","decl":{"start":{"line":76,"column":29},"end":{"line":76,"column":30}},"loc":{"start":{"line":76,"column":49},"end":{"line":87,"column":1}},"line":76},"8":{"name":"(anonymous_8)","decl":{"start":{"line":80,"column":10},"end":{"line":80,"column":11}},"loc":{"start":{"line":80,"column":27},"end":{"line":85,"column":5}},"line":80},"9":{"name":"(anonymous_9)","decl":{"start":{"line":89,"column":29},"end":{"line":89,"column":30}},"loc":{"start":{"line":89,"column":49},"end":{"line":100,"column":1}},"line":89},"10":{"name":"(anonymous_10)","decl":{"start":{"line":93,"column":10},"end":{"line":93,"column":11}},"loc":{"start":{"line":93,"column":27},"end":{"line":98,"column":5}},"line":93}},"branchMap":{"0":{"loc":{"start":{"line":14,"column":2},"end":{"line":16,"column":3}},"type":"if","locations":[{"start":{"line":14,"column":2},"end":{"line":16,"column":3}},{"start":{},"end":{}}],"line":14},"1":{"loc":{"start":{"line":22,"column":6},"end":{"line":24,"column":7}},"type":"if","locations":[{"start":{"line":22,"column":6},"end":{"line":24,"column":7}},{"start":{},"end":{}}],"line":22},"2":{"loc":{"start":{"line":36,"column":2},"end":{"line":38,"column":3}},"type":"if","locations":[{"start":{"line":36,"column":2},"end":{"line":38,"column":3}},{"start":{},"end":{}}],"line":36},"3":{"loc":{"start":{"line":45,"column":6},"end":{"line":47,"column":7}},"type":"if","locations":[{"start":{"line":45,"column":6},"end":{"line":47,"column":7}},{"start":{},"end":{}}],"line":45},"4":{"loc":{"start":{"line":61,"column":4},"end":{"line":72,"column":5}},"type":"if","locations":[{"start":{"line":61,"column":4},"end":{"line":72,"column":5}},{"start":{"line":70,"column":11},"end":{"line":72,"column":5}}],"line":61},"5":{"loc":{"start":{"line":81,"column":6},"end":{"line":83,"column":7}},"type":"if","locations":[{"start":{"line":81,"column":6},"end":{"line":83,"column":7}},{"start":{},"end":{}}],"line":81},"6":{"loc":{"start":{"line":94,"column":6},"end":{"line":96,"column":7}},"type":"if","locations":[{"start":{"line":94,"column":6},"end":{"line":96,"column":7}},{"start":{},"end":{}}],"line":94}},"s":{"0":1,"1":1,"2":1,"3":1,"4":1,"5":1,"6":0,"7":1,"8":1,"9":0,"10":1,"11":1,"12":0,"13":0,"14":0,"15":0,"16":0,"17":0,"18":0,"19":0,"20":0,"21":1,"22":0,"23":0,"24":0,"25":0,"26":0,"27":0,"28":0,"29":0,"30":0,"31":0,"32":0,"33":0,"34":1,"35":0,"36":0,"37":0,"38":0,"39":0,"40":1,"41":0,"42":0,"43":0,"44":0,"45":0},"f":{"0":1,"1":1,"2":0,"3":0,"4":0,"5":0,"6":0,"7":0,"8":0,"9":0,"10":0},"b":{"0":[0,1],"1":[0,1],"2":[0,0],"3":[0,0],"4":[0,0],"5":[0,0],"6":[0,0]},"_coverageSchema":"1a1c01bbd47fc00a2c39e90264f33305004495a9","hash":"04cef0db06dd6a67f7616bbe3617ec558e191f9d"}
,"/Users/dudleyspence/GitHub Projects/PeaceOfMind/PeaceOfMind-API/db/connection.js": {"path":"/Users/dudleyspence/GitHub Projects/PeaceOfMind/PeaceOfMind-API/db/connection.js","statementMap":{"0":{"start":{"line":1,"column":17},"end":{"line":1,"column":36}},"1":{"start":{"line":2,"column":27},"end":{"line":2,"column":63}},"2":{"start":{"line":4,"column":0},"end":{"line":4,"column":35}},"3":{"start":{"line":7,"column":2},"end":{"line":14,"column":7}},"4":{"start":{"line":10,"column":6},"end":{"line":10,"column":55}},"5":{"start":{"line":13,"column":6},"end":{"line":13,"column":57}},"6":{"start":{"line":17,"column":0},"end":{"line":17,"column":27}}},"fnMap":{"0":{"name":"connectDB","decl":{"start":{"line":6,"column":9},"end":{"line":6,"column":18}},"loc":{"start":{"line":6,"column":21},"end":{"line":15,"column":1}},"line":6},"1":{"name":"(anonymous_1)","decl":{"start":{"line":9,"column":10},"end":{"line":9,"column":11}},"loc":{"start":{"line":9,"column":16},"end":{"line":11,"column":5}},"line":9},"2":{"name":"(anonymous_2)","decl":{"start":{"line":12,"column":11},"end":{"line":12,"column":12}},"loc":{"start":{"line":12,"column":20},"end":{"line":14,"column":5}},"line":12}},"branchMap":{},"s":{"0":1,"1":1,"2":1,"3":1,"4":1,"5":0,"6":1},"f":{"0":1,"1":1,"2":0},"b":{},"_coverageSchema":"1a1c01bbd47fc00a2c39e90264f33305004495a9","hash":"0bce512af4da5159069f4d2bbbf43c7dd5711b32"}
,"/Users/dudleyspence/GitHub Projects/PeaceOfMind/PeaceOfMind-API/db/seeds/seed.js": {"path":"/Users/dudleyspence/GitHub Projects/PeaceOfMind/PeaceOfMind-API/db/seeds/seed.js","statementMap":{"0":{"start":{"line":1,"column":19},"end":{"line":1,"column":43}},"1":{"start":{"line":2,"column":13},"end":{"line":2,"column":28}},"2":{"start":{"line":3,"column":27},"end":{"line":3,"column":66}},"3":{"start":{"line":7,"column":0},"end":{"line":11,"column":1}},"4":{"start":{"line":8,"column":2},"end":{"line":8,"column":33}},"5":{"start":{"line":10,"column":2},"end":{"line":10,"column":40}},"6":{"start":{"line":14,"column":17},"end":{"line":20,"column":4}},"7":{"start":{"line":22,"column":23},"end":{"line":22,"column":56}},"8":{"start":{"line":24,"column":35},"end":{"line":33,"column":3}},"9":{"start":{"line":35,"column":22},"end":{"line":38,"column":3}},"10":{"start":{"line":40,"column":2},"end":{"line":47,"column":7}},"11":{"start":{"line":43,"column":6},"end":{"line":43,"column":53}},"12":{"start":{"line":46,"column":6},"end":{"line":46,"column":44}},"13":{"start":{"line":50,"column":0},"end":{"line":50,"column":26}}},"fnMap":{"0":{"name":"seedData","decl":{"start":{"line":13,"column":9},"end":{"line":13,"column":17}},"loc":{"start":{"line":13,"column":20},"end":{"line":48,"column":1}},"line":13},"1":{"name":"(anonymous_1)","decl":{"start":{"line":42,"column":10},"end":{"line":42,"column":11}},"loc":{"start":{"line":42,"column":16},"end":{"line":44,"column":5}},"line":42},"2":{"name":"(anonymous_2)","decl":{"start":{"line":45,"column":11},"end":{"line":45,"column":12}},"loc":{"start":{"line":45,"column":20},"end":{"line":47,"column":5}},"line":45}},"branchMap":{"0":{"loc":{"start":{"line":7,"column":0},"end":{"line":11,"column":1}},"type":"if","locations":[{"start":{"line":7,"column":0},"end":{"line":11,"column":1}},{"start":{"line":9,"column":7},"end":{"line":11,"column":1}}],"line":7}},"s":{"0":1,"1":1,"2":1,"3":1,"4":1,"5":0,"6":1,"7":1,"8":1,"9":1,"10":1,"11":1,"12":0,"13":1},"f":{"0":1,"1":1,"2":0},"b":{"0":[1,0]},"_coverageSchema":"1a1c01bbd47fc00a2c39e90264f33305004495a9","hash":"7f37292f1927c70566abbc8b23528cd2cafaacfe"}
,"/Users/dudleyspence/GitHub Projects/PeaceOfMind/PeaceOfMind-API/errors/errors.js": {"path":"/Users/dudleyspence/GitHub Projects/PeaceOfMind/PeaceOfMind-API/errors/errors.js","statementMap":{"0":{"start":{"line":1,"column":0},"end":{"line":7,"column":2}},"1":{"start":{"line":2,"column":2},"end":{"line":6,"column":3}},"2":{"start":{"line":3,"column":4},"end":{"line":3,"column":57}},"3":{"start":{"line":5,"column":4},"end":{"line":5,"column":14}},"4":{"start":{"line":9,"column":0},"end":{"line":15,"column":2}},"5":{"start":{"line":10,"column":2},"end":{"line":14,"column":3}},"6":{"start":{"line":11,"column":4},"end":{"line":11,"column":63}},"7":{"start":{"line":13,"column":4},"end":{"line":13,"column":14}},"8":{"start":{"line":17,"column":0},"end":{"line":19,"column":2}},"9":{"start":{"line":18,"column":2},"end":{"line":18,"column":66}}},"fnMap":{"0":{"name":"(anonymous_0)","decl":{"start":{"line":1,"column":27},"end":{"line":1,"column":28}},"loc":{"start":{"line":1,"column":61},"end":{"line":7,"column":1}},"line":1},"1":{"name":"(anonymous_1)","decl":{"start":{"line":9,"column":28},"end":{"line":9,"column":29}},"loc":{"start":{"line":9,"column":62},"end":{"line":15,"column":1}},"line":9},"2":{"name":"(anonymous_2)","decl":{"start":{"line":17,"column":28},"end":{"line":17,"column":29}},"loc":{"start":{"line":17,"column":56},"end":{"line":19,"column":1}},"line":17}},"branchMap":{"0":{"loc":{"start":{"line":2,"column":2},"end":{"line":6,"column":3}},"type":"if","locations":[{"start":{"line":2,"column":2},"end":{"line":6,"column":3}},{"start":{"line":4,"column":9},"end":{"line":6,"column":3}}],"line":2},"1":{"loc":{"start":{"line":10,"column":2},"end":{"line":14,"column":3}},"type":"if","locations":[{"start":{"line":10,"column":2},"end":{"line":14,"column":3}},{"start":{"line":12,"column":9},"end":{"line":14,"column":3}}],"line":10},"2":{"loc":{"start":{"line":10,"column":6},"end":{"line":10,"column":31}},"type":"binary-expr","locations":[{"start":{"line":10,"column":6},"end":{"line":10,"column":16}},{"start":{"line":10,"column":20},"end":{"line":10,"column":31}}],"line":10}},"s":{"0":1,"1":3,"2":0,"3":3,"4":1,"5":3,"6":0,"7":3,"8":1,"9":0},"f":{"0":3,"1":3,"2":0},"b":{"0":[0,3],"1":[0,3],"2":[3,0]},"_coverageSchema":"1a1c01bbd47fc00a2c39e90264f33305004495a9","hash":"f63fe9c0c35109571f2dd29689d49b28aab07f26"}
,"/Users/dudleyspence/GitHub Projects/PeaceOfMind/PeaceOfMind-API/models/carer.model.js": {"path":"/Users/dudleyspence/GitHub Projects/PeaceOfMind/PeaceOfMind-API/models/carer.model.js","statementMap":{"0":{"start":{"line":1,"column":17},"end":{"line":1,"column":36}},"1":{"start":{"line":3,"column":20},"end":{"line":12,"column":1}},"2":{"start":{"line":14,"column":14},"end":{"line":14,"column":50}},"3":{"start":{"line":15,"column":0},"end":{"line":15,"column":23}}},"fnMap":{},"branchMap":{},"s":{"0":1,"1":1,"2":1,"3":1},"f":{},"b":{},"_coverageSchema":"1a1c01bbd47fc00a2c39e90264f33305004495a9","hash":"f7e0000188fcf5beaf24b4682b7ea748c8d694c7"}
,"/Users/dudleyspence/GitHub Projects/PeaceOfMind/PeaceOfMind-API/models/comment.model.js": {"path":"/Users/dudleyspence/GitHub Projects/PeaceOfMind/PeaceOfMind-API/models/comment.model.js","statementMap":{"0":{"start":{"line":1,"column":17},"end":{"line":1,"column":36}},"1":{"start":{"line":3,"column":22},"end":{"line":20,"column":1}},"2":{"start":{"line":22,"column":16},"end":{"line":22,"column":56}},"3":{"start":{"line":24,"column":0},"end":{"line":24,"column":25}}},"fnMap":{},"branchMap":{},"s":{"0":1,"1":1,"2":1,"3":1},"f":{},"b":{},"_coverageSchema":"1a1c01bbd47fc00a2c39e90264f33305004495a9","hash":"9a6e9d9e9a6dc656694e576b6b8096e88a3fe29d"}
,"/Users/dudleyspence/GitHub Projects/PeaceOfMind/PeaceOfMind-API/models/file.model.js": {"path":"/Users/dudleyspence/GitHub Projects/PeaceOfMind/PeaceOfMind-API/models/file.model.js","statementMap":{"0":{"start":{"line":1,"column":17},"end":{"line":1,"column":36}},"1":{"start":{"line":3,"column":19},"end":{"line":12,"column":1}},"2":{"start":{"line":14,"column":13},"end":{"line":14,"column":47}},"3":{"start":{"line":16,"column":0},"end":{"line":16,"column":22}}},"fnMap":{},"branchMap":{},"s":{"0":1,"1":1,"2":1,"3":1},"f":{},"b":{},"_coverageSchema":"1a1c01bbd47fc00a2c39e90264f33305004495a9","hash":"2b8a078452f13183f17575169a0d5b38e3063bb7"}
,"/Users/dudleyspence/GitHub Projects/PeaceOfMind/PeaceOfMind-API/models/guardian.model.js": {"path":"/Users/dudleyspence/GitHub Projects/PeaceOfMind/PeaceOfMind-API/models/guardian.model.js","statementMap":{"0":{"start":{"line":1,"column":17},"end":{"line":1,"column":36}},"1":{"start":{"line":3,"column":23},"end":{"line":10,"column":1}},"2":{"start":{"line":12,"column":17},"end":{"line":12,"column":59}},"3":{"start":{"line":13,"column":0},"end":{"line":13,"column":26}}},"fnMap":{},"branchMap":{},"s":{"0":1,"1":1,"2":1,"3":1},"f":{},"b":{},"_coverageSchema":"1a1c01bbd47fc00a2c39e90264f33305004495a9","hash":"d6a8ad7cd8fe6461f3dde46cda28987040f693c1"}
,"/Users/dudleyspence/GitHub Projects/PeaceOfMind/PeaceOfMind-API/models/index.model.js": {"path":"/Users/dudleyspence/GitHub Projects/PeaceOfMind/PeaceOfMind-API/models/index.model.js","statementMap":{"0":{"start":{"line":1,"column":0},"end":{"line":1,"column":41}},"1":{"start":{"line":2,"column":0},"end":{"line":2,"column":45}},"2":{"start":{"line":3,"column":0},"end":{"line":3,"column":45}},"3":{"start":{"line":4,"column":0},"end":{"line":4,"column":47}},"4":{"start":{"line":5,"column":0},"end":{"line":5,"column":55}},"5":{"start":{"line":6,"column":0},"end":{"line":6,"column":55}},"6":{"start":{"line":7,"column":0},"end":{"line":7,"column":39}},"7":{"start":{"line":8,"column":0},"end":{"line":8,"column":39}}},"fnMap":{},"branchMap":{},"s":{"0":1,"1":1,"2":1,"3":1,"4":1,"5":1,"6":1,"7":1},"f":{},"b":{},"_coverageSchema":"1a1c01bbd47fc00a2c39e90264f33305004495a9","hash":"e0f5d058607e1bc611daf2e4c91a1df1566016b6"}
,"/Users/dudleyspence/GitHub Projects/PeaceOfMind/PeaceOfMind-API/models/patient.model.js": {"path":"/Users/dudleyspence/GitHub Projects/PeaceOfMind/PeaceOfMind-API/models/patient.model.js","statementMap":{"0":{"start":{"line":1,"column":17},"end":{"line":1,"column":36}},"1":{"start":{"line":3,"column":22},"end":{"line":23,"column":1}},"2":{"start":{"line":16,"column":10},"end":{"line":16,"column":30}},"3":{"start":{"line":25,"column":16},"end":{"line":25,"column":56}},"4":{"start":{"line":27,"column":0},"end":{"line":27,"column":25}}},"fnMap":{"0":{"name":"(anonymous_0)","decl":{"start":{"line":15,"column":8},"end":{"line":15,"column":9}},"loc":{"start":{"line":15,"column":15},"end":{"line":17,"column":9}},"line":15}},"branchMap":{},"s":{"0":1,"1":1,"2":3,"3":1,"4":1},"f":{"0":3},"b":{},"_coverageSchema":"1a1c01bbd47fc00a2c39e90264f33305004495a9","hash":"518295a92b53c9f089112c799e6186a15d5d8536"}
,"/Users/dudleyspence/GitHub Projects/PeaceOfMind/PeaceOfMind-API/models/taskInstance.model.js": {"path":"/Users/dudleyspence/GitHub Projects/PeaceOfMind/PeaceOfMind-API/models/taskInstance.model.js","statementMap":{"0":{"start":{"line":1,"column":17},"end":{"line":1,"column":36}},"1":{"start":{"line":3,"column":27},"end":{"line":25,"column":1}},"2":{"start":{"line":27,"column":21},"end":{"line":27,"column":72}},"3":{"start":{"line":28,"column":0},"end":{"line":28,"column":30}}},"fnMap":{},"branchMap":{},"s":{"0":1,"1":1,"2":1,"3":1},"f":{},"b":{},"_coverageSchema":"1a1c01bbd47fc00a2c39e90264f33305004495a9","hash":"0d865d50a65e2d1c0453a1e105f8e6d2cea3d8fb"}
,"/Users/dudleyspence/GitHub Projects/PeaceOfMind/PeaceOfMind-API/models/taskTemplate.model.js": {"path":"/Users/dudleyspence/GitHub Projects/PeaceOfMind/PeaceOfMind-API/models/taskTemplate.model.js","statementMap":{"0":{"start":{"line":1,"column":17},"end":{"line":1,"column":36}},"1":{"start":{"line":3,"column":27},"end":{"line":35,"column":1}},"2":{"start":{"line":12,"column":8},"end":{"line":12,"column":35}},"3":{"start":{"line":37,"column":21},"end":{"line":37,"column":72}},"4":{"start":{"line":38,"column":0},"end":{"line":38,"column":30}}},"fnMap":{"0":{"name":"(anonymous_0)","decl":{"start":{"line":11,"column":16},"end":{"line":11,"column":17}},"loc":{"start":{"line":11,"column":28},"end":{"line":13,"column":7}},"line":11}},"branchMap":{},"s":{"0":1,"1":1,"2":0,"3":1,"4":1},"f":{"0":0},"b":{},"_coverageSchema":"1a1c01bbd47fc00a2c39e90264f33305004495a9","hash":"6f5f135372bab87bb0224702b29a6777b9419292"}
,"/Users/dudleyspence/GitHub Projects/PeaceOfMind/PeaceOfMind-API/models/user.model.js": {"path":"/Users/dudleyspence/GitHub Projects/PeaceOfMind/PeaceOfMind-API/models/user.model.js","statementMap":{"0":{"start":{"line":1,"column":17},"end":{"line":1,"column":36}},"1":{"start":{"line":3,"column":19},"end":{"line":12,"column":1}},"2":{"start":{"line":14,"column":13},"end":{"line":14,"column":47}},"3":{"start":{"line":15,"column":0},"end":{"line":15,"column":22}}},"fnMap":{},"branchMap":{},"s":{"0":1,"1":1,"2":1,"3":1},"f":{},"b":{},"_coverageSchema":"1a1c01bbd47fc00a2c39e90264f33305004495a9","hash":"25089261b432a37fdb96ef8901e84bbbec5c7221"}
,"/Users/dudleyspence/GitHub Projects/PeaceOfMind/PeaceOfMind-API/routes/carer.routes.js": {"path":"/Users/dudleyspence/GitHub Projects/PeaceOfMind/PeaceOfMind-API/routes/carer.routes.js","statementMap":{"0":{"start":{"line":1,"column":16},"end":{"line":1,"column":34}},"1":{"start":{"line":5,"column":4},"end":{"line":5,"column":46}},"2":{"start":{"line":6,"column":15},"end":{"line":6,"column":31}},"3":{"start":{"line":8,"column":0},"end":{"line":8,"column":69}},"4":{"start":{"line":10,"column":0},"end":{"line":10,"column":48}},"5":{"start":{"line":12,"column":0},"end":{"line":12,"column":24}}},"fnMap":{},"branchMap":{},"s":{"0":1,"1":1,"2":1,"3":1,"4":1,"5":1},"f":{},"b":{},"_coverageSchema":"1a1c01bbd47fc00a2c39e90264f33305004495a9","hash":"68b0b0b6e8c5b107ec9aefb3f41b51c91888f978"}
,"/Users/dudleyspence/GitHub Projects/PeaceOfMind/PeaceOfMind-API/routes/comment.routes.js": {"path":"/Users/dudleyspence/GitHub Projects/PeaceOfMind/PeaceOfMind-API/routes/comment.routes.js","statementMap":{"0":{"start":{"line":1,"column":16},"end":{"line":1,"column":34}},"1":{"start":{"line":2,"column":26},"end":{"line":2,"column":70}},"2":{"start":{"line":3,"column":15},"end":{"line":3,"column":31}},"3":{"start":{"line":5,"column":0},"end":{"line":5,"column":40}},"4":{"start":{"line":7,"column":0},"end":{"line":7,"column":24}}},"fnMap":{},"branchMap":{},"s":{"0":1,"1":1,"2":1,"3":1,"4":1},"f":{},"b":{},"_coverageSchema":"1a1c01bbd47fc00a2c39e90264f33305004495a9","hash":"7c66d7540dad29cb59a8699efd1a304e8a9d8965"}
,"/Users/dudleyspence/GitHub Projects/PeaceOfMind/PeaceOfMind-API/routes/file.routes.js": {"path":"/Users/dudleyspence/GitHub Projects/PeaceOfMind/PeaceOfMind-API/routes/file.routes.js","statementMap":{"0":{"start":{"line":1,"column":16},"end":{"line":1,"column":34}},"1":{"start":{"line":2,"column":15},"end":{"line":2,"column":31}},"2":{"start":{"line":4,"column":0},"end":{"line":4,"column":24}}},"fnMap":{},"branchMap":{},"s":{"0":1,"1":1,"2":1},"f":{},"b":{},"_coverageSchema":"1a1c01bbd47fc00a2c39e90264f33305004495a9","hash":"4556fd2d21ab52720b322133f539a5282698a553"}
,"/Users/dudleyspence/GitHub Projects/PeaceOfMind/PeaceOfMind-API/routes/guardian.routes.js": {"path":"/Users/dudleyspence/GitHub Projects/PeaceOfMind/PeaceOfMind-API/routes/guardian.routes.js","statementMap":{"0":{"start":{"line":1,"column":16},"end":{"line":1,"column":34}},"1":{"start":{"line":5,"column":4},"end":{"line":5,"column":49}},"2":{"start":{"line":6,"column":15},"end":{"line":6,"column":31}},"3":{"start":{"line":8,"column":0},"end":{"line":8,"column":78}},"4":{"start":{"line":10,"column":0},"end":{"line":10,"column":53}},"5":{"start":{"line":12,"column":0},"end":{"line":12,"column":24}}},"fnMap":{},"branchMap":{},"s":{"0":1,"1":1,"2":1,"3":1,"4":1,"5":1},"f":{},"b":{},"_coverageSchema":"1a1c01bbd47fc00a2c39e90264f33305004495a9","hash":"eb21572eaf98bc7b2a2ca03273172e429923d8e4"}
,"/Users/dudleyspence/GitHub Projects/PeaceOfMind/PeaceOfMind-API/routes/index.routes.js": {"path":"/Users/dudleyspence/GitHub Projects/PeaceOfMind/PeaceOfMind-API/routes/index.routes.js","statementMap":{"0":{"start":{"line":1,"column":0},"end":{"line":1,"column":49}},"1":{"start":{"line":2,"column":0},"end":{"line":2,"column":53}},"2":{"start":{"line":3,"column":0},"end":{"line":3,"column":53}},"3":{"start":{"line":4,"column":0},"end":{"line":4,"column":55}},"4":{"start":{"line":5,"column":0},"end":{"line":5,"column":47}},"5":{"start":{"line":6,"column":0},"end":{"line":6,"column":47}},"6":{"start":{"line":7,"column":0},"end":{"line":7,"column":47}}},"fnMap":{},"branchMap":{},"s":{"0":1,"1":1,"2":1,"3":1,"4":1,"5":1,"6":1},"f":{},"b":{},"_coverageSchema":"1a1c01bbd47fc00a2c39e90264f33305004495a9","hash":"bd18089a5ef5e606e869ff3fb91de8b031f9887f"}
,"/Users/dudleyspence/GitHub Projects/PeaceOfMind/PeaceOfMind-API/routes/patient.routes.js": {"path":"/Users/dudleyspence/GitHub Projects/PeaceOfMind/PeaceOfMind-API/routes/patient.routes.js","statementMap":{"0":{"start":{"line":1,"column":16},"end":{"line":1,"column":34}},"1":{"start":{"line":2,"column":15},"end":{"line":2,"column":31}},"2":{"start":{"line":12,"column":4},"end":{"line":12,"column":48}},"3":{"start":{"line":14,"column":0},"end":{"line":14,"column":52}},"4":{"start":{"line":16,"column":0},"end":{"line":16,"column":65}},"5":{"start":{"line":17,"column":0},"end":{"line":17,"column":76}},"6":{"start":{"line":18,"column":0},"end":{"line":18,"column":76}},"7":{"start":{"line":19,"column":0},"end":{"line":19,"column":40}},"8":{"start":{"line":20,"column":0},"end":{"line":20,"column":57}},"9":{"start":{"line":21,"column":0},"end":{"line":21,"column":75}},"10":{"start":{"line":23,"column":0},"end":{"line":26,"column":2}},"11":{"start":{"line":28,"column":0},"end":{"line":28,"column":24}}},"fnMap":{},"branchMap":{},"s":{"0":1,"1":1,"2":1,"3":1,"4":1,"5":1,"6":1,"7":1,"8":1,"9":1,"10":1,"11":1},"f":{},"b":{},"_coverageSchema":"1a1c01bbd47fc00a2c39e90264f33305004495a9","hash":"277c26a146321c4545e673729557e049c186c233"}
,"/Users/dudleyspence/GitHub Projects/PeaceOfMind/PeaceOfMind-API/routes/task.routes.js": {"path":"/Users/dudleyspence/GitHub Projects/PeaceOfMind/PeaceOfMind-API/routes/task.routes.js","statementMap":{"0":{"start":{"line":1,"column":16},"end":{"line":1,"column":34}},"1":{"start":{"line":2,"column":15},"end":{"line":2,"column":31}},"2":{"start":{"line":9,"column":4},"end":{"line":9,"column":45}},"3":{"start":{"line":11,"column":0},"end":{"line":11,"column":70}},"4":{"start":{"line":13,"column":0},"end":{"line":13,"column":32}},"5":{"start":{"line":15,"column":0},"end":{"line":15,"column":70}},"6":{"start":{"line":17,"column":0},"end":{"line":17,"column":67}},"7":{"start":{"line":19,"column":0},"end":{"line":19,"column":67}},"8":{"start":{"line":21,"column":0},"end":{"line":21,"column":24}}},"fnMap":{},"branchMap":{},"s":{"0":1,"1":1,"2":1,"3":1,"4":1,"5":1,"6":1,"7":1,"8":1},"f":{},"b":{},"_coverageSchema":"1a1c01bbd47fc00a2c39e90264f33305004495a9","hash":"0b76d2d87660127cbb586db93003670fe71a1f2d"}
,"/Users/dudleyspence/GitHub Projects/PeaceOfMind/PeaceOfMind-API/routes/user.routes.js": {"path":"/Users/dudleyspence/GitHub Projects/PeaceOfMind/PeaceOfMind-API/routes/user.routes.js","statementMap":{"0":{"start":{"line":1,"column":16},"end":{"line":1,"column":34}},"1":{"start":{"line":2,"column":15},"end":{"line":2,"column":31}},"2":{"start":{"line":4,"column":0},"end":{"line":4,"column":24}}},"fnMap":{},"branchMap":{},"s":{"0":1,"1":1,"2":1},"f":{},"b":{},"_coverageSchema":"1a1c01bbd47fc00a2c39e90264f33305004495a9","hash":"b917d1e78b940bc69f3658db19cfa127391801b9"}
,"/Users/dudleyspence/GitHub Projects/PeaceOfMind/PeaceOfMind-API/utils/get_age.js": {"path":"/Users/dudleyspence/GitHub Projects/PeaceOfMind/PeaceOfMind-API/utils/get_age.js","statementMap":{"0":{"start":{"line":1,"column":0},"end":{"line":5,"column":2}},"1":{"start":{"line":2,"column":14},"end":{"line":2,"column":24}},"2":{"start":{"line":3,"column":14},"end":{"line":3,"column":52}},"3":{"start":{"line":4,"column":2},"end":{"line":4,"column":13}}},"fnMap":{"0":{"name":"(anonymous_0)","decl":{"start":{"line":1,"column":17},"end":{"line":1,"column":18}},"loc":{"start":{"line":1,"column":27},"end":{"line":5,"column":1}},"line":1}},"branchMap":{},"s":{"0":1,"1":1,"2":1,"3":1},"f":{"0":1},"b":{},"_coverageSchema":"1a1c01bbd47fc00a2c39e90264f33305004495a9","hash":"be684ca76ee0527646dcfad930450b2bbccf561d"}
}
