{"/Users/dudleyspence/GitHub Projects/PeaceOfMind/PeaceOfMind-API/app.js": {"path":"/Users/dudleyspence/GitHub Projects/PeaceOfMind/PeaceOfMind-API/app.js","statementMap":{"0":{"start":{"line":1,"column":18},"end":{"line":1,"column":47}},"1":{"start":{"line":2,"column":24},"end":{"line":2,"column":61}},"2":{"start":{"line":3,"column":16},"end":{"line":3,"column":34}},"3":{"start":{"line":4,"column":12},"end":{"line":4,"column":21}},"4":{"start":{"line":5,"column":13},"end":{"line":5,"column":28}},"5":{"start":{"line":6,"column":0},"end":{"line":6,"column":16}},"6":{"start":{"line":8,"column":16},"end":{"line":8,"column":48}},"7":{"start":{"line":10,"column":0},"end":{"line":10,"column":24}},"8":{"start":{"line":16,"column":4},"end":{"line":16,"column":30}},"9":{"start":{"line":18,"column":0},"end":{"line":20,"column":3}},"10":{"start":{"line":19,"column":2},"end":{"line":19,"column":38}},"11":{"start":{"line":22,"column":0},"end":{"line":24,"column":1}},"12":{"start":{"line":23,"column":2},"end":{"line":23,"column":35}},"13":{"start":{"line":27,"column":0},"end":{"line":27,"column":68}},"14":{"start":{"line":30,"column":0},"end":{"line":32,"column":3}},"15":{"start":{"line":31,"column":2},"end":{"line":31,"column":51}},"16":{"start":{"line":35,"column":0},"end":{"line":35,"column":26}},"17":{"start":{"line":36,"column":0},"end":{"line":36,"column":27}},"18":{"start":{"line":37,"column":0},"end":{"line":37,"column":27}},"19":{"start":{"line":39,"column":0},"end":{"line":39,"column":21}}},"fnMap":{"0":{"name":"(anonymous_0)","decl":{"start":{"line":18,"column":16},"end":{"line":18,"column":17}},"loc":{"start":{"line":18,"column":36},"end":{"line":20,"column":1}},"line":18},"1":{"name":"(anonymous_1)","decl":{"start":{"line":30,"column":13},"end":{"line":30,"column":14}},"loc":{"start":{"line":30,"column":36},"end":{"line":32,"column":1}},"line":30}},"branchMap":{},"s":{"0":1,"1":1,"2":1,"3":1,"4":1,"5":1,"6":1,"7":1,"8":1,"9":1,"10":0,"11":1,"12":7,"13":1,"14":1,"15":1,"16":1,"17":1,"18":1,"19":1},"f":{"0":0,"1":1},"b":{},"_coverageSchema":"1a1c01bbd47fc00a2c39e90264f33305004495a9","hash":"e36da30dd6713437bda57c28f87666164ce7fa1d"}
,"/Users/dudleyspence/GitHub Projects/PeaceOfMind/PeaceOfMind-API/config/loadEnvironment.js": {"path":"/Users/dudleyspence/GitHub Projects/PeaceOfMind/PeaceOfMind-API/config/loadEnvironment.js","statementMap":{"0":{"start":{"line":1,"column":15},"end":{"line":1,"column":32}},"1":{"start":{"line":4,"column":14},"end":{"line":4,"column":51}},"2":{"start":{"line":5,"column":2},"end":{"line":5,"column":48}},"3":{"start":{"line":7,"column":20},"end":{"line":7,"column":69}},"4":{"start":{"line":9,"column":2},"end":{"line":9,"column":28}},"5":{"start":{"line":12,"column":0},"end":{"line":12,"column":26}}},"fnMap":{"0":{"name":"getEnv","decl":{"start":{"line":3,"column":9},"end":{"line":3,"column":15}},"loc":{"start":{"line":3,"column":18},"end":{"line":10,"column":1}},"line":3}},"branchMap":{"0":{"loc":{"start":{"line":4,"column":14},"end":{"line":4,"column":51}},"type":"binary-expr","locations":[{"start":{"line":4,"column":14},"end":{"line":4,"column":34}},{"start":{"line":4,"column":38},"end":{"line":4,"column":51}}],"line":4},"1":{"loc":{"start":{"line":7,"column":20},"end":{"line":7,"column":69}},"type":"binary-expr","locations":[{"start":{"line":7,"column":20},"end":{"line":7,"column":41}},{"start":{"line":7,"column":45},"end":{"line":7,"column":69}}],"line":7}},"s":{"0":1,"1":1,"2":1,"3":1,"4":1,"5":1},"f":{"0":1},"b":{"0":[1,0],"1":[1,0]},"_coverageSchema":"1a1c01bbd47fc00a2c39e90264f33305004495a9","hash":"e431f378515a081a600e0cb7360da3a04839897f"}
,"/Users/dudleyspence/GitHub Projects/PeaceOfMind/PeaceOfMind-API/controllers/carer.controller.js": {"path":"/Users/dudleyspence/GitHub Projects/PeaceOfMind/PeaceOfMind-API/controllers/carer.controller.js","statementMap":{"0":{"start":{"line":8,"column":4},"end":{"line":8,"column":36}},"1":{"start":{"line":9,"column":17},"end":{"line":9,"column":36}},"2":{"start":{"line":11,"column":0},"end":{"line":48,"column":2}},"3":{"start":{"line":12,"column":23},"end":{"line":12,"column":33}},"4":{"start":{"line":13,"column":25},"end":{"line":13,"column":33}},"5":{"start":{"line":15,"column":2},"end":{"line":17,"column":3}},"6":{"start":{"line":16,"column":4},"end":{"line":16,"column":78}},"7":{"start":{"line":19,"column":2},"end":{"line":21,"column":3}},"8":{"start":{"line":20,"column":4},"end":{"line":20,"column":80}},"9":{"start":{"line":23,"column":2},"end":{"line":47,"column":7}},"10":{"start":{"line":29,"column":6},"end":{"line":31,"column":7}},"11":{"start":{"line":30,"column":8},"end":{"line":30,"column":68}},"12":{"start":{"line":33,"column":6},"end":{"line":42,"column":9}},"13":{"start":{"line":38,"column":8},"end":{"line":40,"column":9}},"14":{"start":{"line":39,"column":10},"end":{"line":39,"column":72}},"15":{"start":{"line":41,"column":8},"end":{"line":41,"column":50}},"16":{"start":{"line":45,"column":6},"end":{"line":45,"column":61}},"17":{"start":{"line":46,"column":6},"end":{"line":46,"column":16}},"18":{"start":{"line":50,"column":0},"end":{"line":63,"column":2}},"19":{"start":{"line":51,"column":22},"end":{"line":51,"column":32}},"20":{"start":{"line":53,"column":2},"end":{"line":62,"column":17}},"21":{"start":{"line":57,"column":6},"end":{"line":59,"column":7}},"22":{"start":{"line":58,"column":8},"end":{"line":58,"column":68}},"23":{"start":{"line":60,"column":6},"end":{"line":60,"column":41}}},"fnMap":{"0":{"name":"(anonymous_0)","decl":{"start":{"line":11,"column":36},"end":{"line":11,"column":37}},"loc":{"start":{"line":11,"column":56},"end":{"line":48,"column":1}},"line":11},"1":{"name":"(anonymous_1)","decl":{"start":{"line":28,"column":10},"end":{"line":28,"column":11}},"loc":{"start":{"line":28,"column":28},"end":{"line":43,"column":5}},"line":28},"2":{"name":"(anonymous_2)","decl":{"start":{"line":37,"column":13},"end":{"line":37,"column":14}},"loc":{"start":{"line":37,"column":33},"end":{"line":42,"column":7}},"line":37},"3":{"name":"(anonymous_3)","decl":{"start":{"line":44,"column":11},"end":{"line":44,"column":12}},"loc":{"start":{"line":44,"column":20},"end":{"line":47,"column":5}},"line":44},"4":{"name":"(anonymous_4)","decl":{"start":{"line":50,"column":27},"end":{"line":50,"column":28}},"loc":{"start":{"line":50,"column":47},"end":{"line":63,"column":1}},"line":50},"5":{"name":"(anonymous_5)","decl":{"start":{"line":56,"column":10},"end":{"line":56,"column":11}},"loc":{"start":{"line":56,"column":21},"end":{"line":61,"column":5}},"line":56}},"branchMap":{"0":{"loc":{"start":{"line":15,"column":2},"end":{"line":17,"column":3}},"type":"if","locations":[{"start":{"line":15,"column":2},"end":{"line":17,"column":3}},{"start":{},"end":{}}],"line":15},"1":{"loc":{"start":{"line":19,"column":2},"end":{"line":21,"column":3}},"type":"if","locations":[{"start":{"line":19,"column":2},"end":{"line":21,"column":3}},{"start":{},"end":{}}],"line":19},"2":{"loc":{"start":{"line":29,"column":6},"end":{"line":31,"column":7}},"type":"if","locations":[{"start":{"line":29,"column":6},"end":{"line":31,"column":7}},{"start":{},"end":{}}],"line":29},"3":{"loc":{"start":{"line":38,"column":8},"end":{"line":40,"column":9}},"type":"if","locations":[{"start":{"line":38,"column":8},"end":{"line":40,"column":9}},{"start":{},"end":{}}],"line":38},"4":{"loc":{"start":{"line":57,"column":6},"end":{"line":59,"column":7}},"type":"if","locations":[{"start":{"line":57,"column":6},"end":{"line":59,"column":7}},{"start":{},"end":{}}],"line":57}},"s":{"0":1,"1":1,"2":1,"3":4,"4":4,"5":4,"6":1,"7":3,"8":0,"9":3,"10":3,"11":1,"12":2,"13":2,"14":1,"15":1,"16":0,"17":0,"18":1,"19":2,"20":2,"21":2,"22":1,"23":1},"f":{"0":4,"1":3,"2":2,"3":0,"4":2,"5":2},"b":{"0":[1,3],"1":[0,3],"2":[1,2],"3":[1,1],"4":[1,1]},"_coverageSchema":"1a1c01bbd47fc00a2c39e90264f33305004495a9","hash":"4ce0c45e252fbc34c1f0b32a6a5b7de925ce4cdd"}
,"/Users/dudleyspence/GitHub Projects/PeaceOfMind/PeaceOfMind-API/controllers/comment.controller.js": {"path":"/Users/dudleyspence/GitHub Projects/PeaceOfMind/PeaceOfMind-API/controllers/comment.controller.js","statementMap":{"0":{"start":{"line":8,"column":4},"end":{"line":8,"column":36}},"1":{"start":{"line":9,"column":17},"end":{"line":9,"column":36}},"2":{"start":{"line":11,"column":0},"end":{"line":35,"column":2}},"3":{"start":{"line":12,"column":21},"end":{"line":12,"column":42}},"4":{"start":{"line":14,"column":2},"end":{"line":34,"column":7}},"5":{"start":{"line":17,"column":6},"end":{"line":22,"column":9}},"6":{"start":{"line":25,"column":6},"end":{"line":25,"column":43}},"7":{"start":{"line":28,"column":6},"end":{"line":32,"column":7}},"8":{"start":{"line":29,"column":8},"end":{"line":31,"column":11}},"9":{"start":{"line":33,"column":6},"end":{"line":33,"column":16}}},"fnMap":{"0":{"name":"(anonymous_0)","decl":{"start":{"line":11,"column":24},"end":{"line":11,"column":25}},"loc":{"start":{"line":11,"column":44},"end":{"line":35,"column":1}},"line":11},"1":{"name":"(anonymous_1)","decl":{"start":{"line":16,"column":10},"end":{"line":16,"column":11}},"loc":{"start":{"line":16,"column":23},"end":{"line":23,"column":5}},"line":16},"2":{"name":"(anonymous_2)","decl":{"start":{"line":24,"column":10},"end":{"line":24,"column":11}},"loc":{"start":{"line":24,"column":23},"end":{"line":26,"column":5}},"line":24},"3":{"name":"(anonymous_3)","decl":{"start":{"line":27,"column":11},"end":{"line":27,"column":12}},"loc":{"start":{"line":27,"column":20},"end":{"line":34,"column":5}},"line":27}},"branchMap":{"0":{"loc":{"start":{"line":28,"column":6},"end":{"line":32,"column":7}},"type":"if","locations":[{"start":{"line":28,"column":6},"end":{"line":32,"column":7}},{"start":{},"end":{}}],"line":28}},"s":{"0":1,"1":1,"2":1,"3":0,"4":0,"5":0,"6":0,"7":0,"8":0,"9":0},"f":{"0":0,"1":0,"2":0,"3":0},"b":{"0":[0,0]},"_coverageSchema":"1a1c01bbd47fc00a2c39e90264f33305004495a9","hash":"1cacb1f14ef121235d6a907e26a38cfa228f3f61"}
,"/Users/dudleyspence/GitHub Projects/PeaceOfMind/PeaceOfMind-API/controllers/guardian.controller.js": {"path":"/Users/dudleyspence/GitHub Projects/PeaceOfMind/PeaceOfMind-API/controllers/guardian.controller.js","statementMap":{"0":{"start":{"line":8,"column":4},"end":{"line":8,"column":36}},"1":{"start":{"line":9,"column":17},"end":{"line":9,"column":36}},"2":{"start":{"line":11,"column":0},"end":{"line":50,"column":2}},"3":{"start":{"line":12,"column":26},"end":{"line":12,"column":36}},"4":{"start":{"line":13,"column":25},"end":{"line":13,"column":33}},"5":{"start":{"line":15,"column":2},"end":{"line":19,"column":3}},"6":{"start":{"line":16,"column":4},"end":{"line":18,"column":61}},"7":{"start":{"line":21,"column":2},"end":{"line":23,"column":3}},"8":{"start":{"line":22,"column":4},"end":{"line":22,"column":80}},"9":{"start":{"line":25,"column":2},"end":{"line":49,"column":7}},"10":{"start":{"line":31,"column":6},"end":{"line":33,"column":7}},"11":{"start":{"line":32,"column":8},"end":{"line":32,"column":71}},"12":{"start":{"line":35,"column":6},"end":{"line":44,"column":9}},"13":{"start":{"line":40,"column":8},"end":{"line":42,"column":9}},"14":{"start":{"line":41,"column":10},"end":{"line":41,"column":72}},"15":{"start":{"line":43,"column":8},"end":{"line":43,"column":53}},"16":{"start":{"line":47,"column":6},"end":{"line":47,"column":64}},"17":{"start":{"line":48,"column":6},"end":{"line":48,"column":16}},"18":{"start":{"line":52,"column":0},"end":{"line":65,"column":2}},"19":{"start":{"line":53,"column":22},"end":{"line":53,"column":32}},"20":{"start":{"line":55,"column":2},"end":{"line":64,"column":17}},"21":{"start":{"line":59,"column":6},"end":{"line":61,"column":7}},"22":{"start":{"line":60,"column":8},"end":{"line":60,"column":71}},"23":{"start":{"line":62,"column":6},"end":{"line":62,"column":44}}},"fnMap":{"0":{"name":"(anonymous_0)","decl":{"start":{"line":11,"column":39},"end":{"line":11,"column":40}},"loc":{"start":{"line":11,"column":59},"end":{"line":50,"column":1}},"line":11},"1":{"name":"(anonymous_1)","decl":{"start":{"line":30,"column":10},"end":{"line":30,"column":11}},"loc":{"start":{"line":30,"column":31},"end":{"line":45,"column":5}},"line":30},"2":{"name":"(anonymous_2)","decl":{"start":{"line":39,"column":13},"end":{"line":39,"column":14}},"loc":{"start":{"line":39,"column":33},"end":{"line":44,"column":7}},"line":39},"3":{"name":"(anonymous_3)","decl":{"start":{"line":46,"column":11},"end":{"line":46,"column":12}},"loc":{"start":{"line":46,"column":20},"end":{"line":49,"column":5}},"line":46},"4":{"name":"(anonymous_4)","decl":{"start":{"line":52,"column":29},"end":{"line":52,"column":30}},"loc":{"start":{"line":52,"column":49},"end":{"line":65,"column":1}},"line":52},"5":{"name":"(anonymous_5)","decl":{"start":{"line":58,"column":10},"end":{"line":58,"column":11}},"loc":{"start":{"line":58,"column":24},"end":{"line":63,"column":5}},"line":58}},"branchMap":{"0":{"loc":{"start":{"line":15,"column":2},"end":{"line":19,"column":3}},"type":"if","locations":[{"start":{"line":15,"column":2},"end":{"line":19,"column":3}},{"start":{},"end":{}}],"line":15},"1":{"loc":{"start":{"line":21,"column":2},"end":{"line":23,"column":3}},"type":"if","locations":[{"start":{"line":21,"column":2},"end":{"line":23,"column":3}},{"start":{},"end":{}}],"line":21},"2":{"loc":{"start":{"line":31,"column":6},"end":{"line":33,"column":7}},"type":"if","locations":[{"start":{"line":31,"column":6},"end":{"line":33,"column":7}},{"start":{},"end":{}}],"line":31},"3":{"loc":{"start":{"line":40,"column":8},"end":{"line":42,"column":9}},"type":"if","locations":[{"start":{"line":40,"column":8},"end":{"line":42,"column":9}},{"start":{},"end":{}}],"line":40},"4":{"loc":{"start":{"line":59,"column":6},"end":{"line":61,"column":7}},"type":"if","locations":[{"start":{"line":59,"column":6},"end":{"line":61,"column":7}},{"start":{},"end":{}}],"line":59}},"s":{"0":1,"1":1,"2":1,"3":4,"4":4,"5":4,"6":1,"7":3,"8":0,"9":3,"10":3,"11":1,"12":2,"13":2,"14":1,"15":1,"16":0,"17":0,"18":1,"19":2,"20":2,"21":2,"22":1,"23":1},"f":{"0":4,"1":3,"2":2,"3":0,"4":2,"5":2},"b":{"0":[1,3],"1":[0,3],"2":[1,2],"3":[1,1],"4":[1,1]},"_coverageSchema":"1a1c01bbd47fc00a2c39e90264f33305004495a9","hash":"02d9137f3e7783d699ab20fb1d5c5e1b81fb9607"}
,"/Users/dudleyspence/GitHub Projects/PeaceOfMind/PeaceOfMind-API/controllers/patient.controller.js": {"path":"/Users/dudleyspence/GitHub Projects/PeaceOfMind/PeaceOfMind-API/controllers/patient.controller.js","statementMap":{"0":{"start":{"line":8,"column":4},"end":{"line":8,"column":36}},"1":{"start":{"line":9,"column":17},"end":{"line":9,"column":36}},"2":{"start":{"line":10,"column":19},"end":{"line":10,"column":46}},"3":{"start":{"line":11,"column":22},"end":{"line":11,"column":41}},"4":{"start":{"line":13,"column":0},"end":{"line":43,"column":2}},"5":{"start":{"line":14,"column":25},"end":{"line":14,"column":35}},"6":{"start":{"line":16,"column":2},"end":{"line":18,"column":3}},"7":{"start":{"line":17,"column":4},"end":{"line":17,"column":60}},"8":{"start":{"line":20,"column":2},"end":{"line":42,"column":17}},"9":{"start":{"line":34,"column":6},"end":{"line":36,"column":7}},"10":{"start":{"line":35,"column":8},"end":{"line":35,"column":70}},"11":{"start":{"line":37,"column":18},"end":{"line":37,"column":37}},"12":{"start":{"line":38,"column":25},"end":{"line":38,"column":43}},"13":{"start":{"line":39,"column":6},"end":{"line":39,"column":27}},"14":{"start":{"line":40,"column":6},"end":{"line":40,"column":39}},"15":{"start":{"line":45,"column":0},"end":{"line":73,"column":2}},"16":{"start":{"line":46,"column":25},"end":{"line":46,"column":35}},"17":{"start":{"line":47,"column":2},"end":{"line":49,"column":3}},"18":{"start":{"line":48,"column":4},"end":{"line":48,"column":60}},"19":{"start":{"line":51,"column":2},"end":{"line":72,"column":17}},"20":{"start":{"line":53,"column":6},"end":{"line":55,"column":7}},"21":{"start":{"line":54,"column":8},"end":{"line":54,"column":70}},"22":{"start":{"line":56,"column":6},"end":{"line":63,"column":11}},"23":{"start":{"line":66,"column":6},"end":{"line":70,"column":7}},"24":{"start":{"line":67,"column":8},"end":{"line":67,"column":40}},"25":{"start":{"line":69,"column":8},"end":{"line":69,"column":46}},"26":{"start":{"line":75,"column":0},"end":{"line":98,"column":2}},"27":{"start":{"line":76,"column":25},"end":{"line":76,"column":35}},"28":{"start":{"line":77,"column":2},"end":{"line":79,"column":3}},"29":{"start":{"line":78,"column":4},"end":{"line":78,"column":60}},"30":{"start":{"line":81,"column":2},"end":{"line":97,"column":17}},"31":{"start":{"line":83,"column":6},"end":{"line":85,"column":7}},"32":{"start":{"line":84,"column":8},"end":{"line":84,"column":70}},"33":{"start":{"line":87,"column":6},"end":{"line":87,"column":56}},"34":{"start":{"line":91,"column":6},"end":{"line":95,"column":7}},"35":{"start":{"line":92,"column":8},"end":{"line":92,"column":40}},"36":{"start":{"line":94,"column":8},"end":{"line":94,"column":50}},"37":{"start":{"line":100,"column":0},"end":{"line":121,"column":2}},"38":{"start":{"line":101,"column":25},"end":{"line":101,"column":35}},"39":{"start":{"line":102,"column":2},"end":{"line":104,"column":3}},"40":{"start":{"line":103,"column":4},"end":{"line":103,"column":60}},"41":{"start":{"line":106,"column":2},"end":{"line":120,"column":17}},"42":{"start":{"line":108,"column":6},"end":{"line":110,"column":7}},"43":{"start":{"line":109,"column":8},"end":{"line":109,"column":70}},"44":{"start":{"line":111,"column":6},"end":{"line":111,"column":56}},"45":{"start":{"line":114,"column":6},"end":{"line":118,"column":7}},"46":{"start":{"line":115,"column":8},"end":{"line":115,"column":40}},"47":{"start":{"line":117,"column":8},"end":{"line":117,"column":50}},"48":{"start":{"line":123,"column":0},"end":{"line":151,"column":2}},"49":{"start":{"line":124,"column":21},"end":{"line":124,"column":42}},"50":{"start":{"line":125,"column":2},"end":{"line":150,"column":7}},"51":{"start":{"line":128,"column":25},"end":{"line":128,"column":45}},"52":{"start":{"line":130,"column":6},"end":{"line":141,"column":21}},"53":{"start":{"line":136,"column":10},"end":{"line":138,"column":11}},"54":{"start":{"line":137,"column":12},"end":{"line":137,"column":75}},"55":{"start":{"line":139,"column":10},"end":{"line":139,"column":47}},"56":{"start":{"line":144,"column":6},"end":{"line":148,"column":7}},"57":{"start":{"line":145,"column":8},"end":{"line":147,"column":11}},"58":{"start":{"line":149,"column":6},"end":{"line":149,"column":16}},"59":{"start":{"line":153,"column":0},"end":{"line":171,"column":2}},"60":{"start":{"line":154,"column":25},"end":{"line":154,"column":35}},"61":{"start":{"line":155,"column":2},"end":{"line":157,"column":3}},"62":{"start":{"line":156,"column":4},"end":{"line":156,"column":60}},"63":{"start":{"line":158,"column":18},"end":{"line":158,"column":26}},"64":{"start":{"line":160,"column":2},"end":{"line":170,"column":17}},"65":{"start":{"line":165,"column":6},"end":{"line":167,"column":7}},"66":{"start":{"line":166,"column":8},"end":{"line":166,"column":70}},"67":{"start":{"line":168,"column":6},"end":{"line":168,"column":43}},"68":{"start":{"line":173,"column":0},"end":{"line":200,"column":2}},"69":{"start":{"line":174,"column":34},"end":{"line":174,"column":44}},"70":{"start":{"line":176,"column":2},"end":{"line":178,"column":3}},"71":{"start":{"line":177,"column":4},"end":{"line":177,"column":80}},"72":{"start":{"line":180,"column":20},"end":{"line":180,"column":37}},"73":{"start":{"line":182,"column":2},"end":{"line":182,"column":36}},"74":{"start":{"line":183,"column":19},"end":{"line":183,"column":38}},"75":{"start":{"line":185,"column":2},"end":{"line":185,"column":41}},"76":{"start":{"line":186,"column":17},"end":{"line":186,"column":36}},"77":{"start":{"line":188,"column":2},"end":{"line":199,"column":17}},"78":{"start":{"line":197,"column":6},"end":{"line":197,"column":34}},"79":{"start":{"line":202,"column":0},"end":{"line":225,"column":2}},"80":{"start":{"line":203,"column":25},"end":{"line":203,"column":35}},"81":{"start":{"line":205,"column":2},"end":{"line":207,"column":3}},"82":{"start":{"line":206,"column":4},"end":{"line":206,"column":80}},"83":{"start":{"line":209,"column":21},"end":{"line":209,"column":31}},"84":{"start":{"line":210,"column":2},"end":{"line":210,"column":37}},"85":{"start":{"line":212,"column":2},"end":{"line":224,"column":17}},"86":{"start":{"line":218,"column":32},"end":{"line":220,"column":7}},"87":{"start":{"line":219,"column":22},"end":{"line":219,"column":62}},"88":{"start":{"line":222,"column":6},"end":{"line":222,"column":53}},"89":{"start":{"line":227,"column":0},"end":{"line":254,"column":2}},"90":{"start":{"line":228,"column":25},"end":{"line":228,"column":35}},"91":{"start":{"line":230,"column":2},"end":{"line":232,"column":3}},"92":{"start":{"line":231,"column":4},"end":{"line":231,"column":80}},"93":{"start":{"line":234,"column":21},"end":{"line":234,"column":31}},"94":{"start":{"line":235,"column":2},"end":{"line":235,"column":37}},"95":{"start":{"line":237,"column":19},"end":{"line":237,"column":39}},"96":{"start":{"line":238,"column":2},"end":{"line":238,"column":40}},"97":{"start":{"line":240,"column":2},"end":{"line":253,"column":17}},"98":{"start":{"line":248,"column":20},"end":{"line":248,"column":32}},"99":{"start":{"line":249,"column":24},"end":{"line":249,"column":71}},"100":{"start":{"line":249,"column":47},"end":{"line":249,"column":63}},"101":{"start":{"line":250,"column":23},"end":{"line":250,"column":64}},"102":{"start":{"line":251,"column":6},"end":{"line":251,"column":48}}},"fnMap":{"0":{"name":"(anonymous_0)","decl":{"start":{"line":13,"column":25},"end":{"line":13,"column":26}},"loc":{"start":{"line":13,"column":45},"end":{"line":43,"column":1}},"line":13},"1":{"name":"(anonymous_1)","decl":{"start":{"line":33,"column":10},"end":{"line":33,"column":11}},"loc":{"start":{"line":33,"column":23},"end":{"line":41,"column":5}},"line":33},"2":{"name":"(anonymous_2)","decl":{"start":{"line":45,"column":29},"end":{"line":45,"column":30}},"loc":{"start":{"line":45,"column":49},"end":{"line":73,"column":1}},"line":45},"3":{"name":"(anonymous_3)","decl":{"start":{"line":52,"column":10},"end":{"line":52,"column":11}},"loc":{"start":{"line":52,"column":23},"end":{"line":64,"column":5}},"line":52},"4":{"name":"(anonymous_4)","decl":{"start":{"line":65,"column":10},"end":{"line":65,"column":11}},"loc":{"start":{"line":65,"column":24},"end":{"line":71,"column":5}},"line":65},"5":{"name":"(anonymous_5)","decl":{"start":{"line":75,"column":34},"end":{"line":75,"column":35}},"loc":{"start":{"line":75,"column":54},"end":{"line":98,"column":1}},"line":75},"6":{"name":"(anonymous_6)","decl":{"start":{"line":82,"column":10},"end":{"line":82,"column":11}},"loc":{"start":{"line":82,"column":23},"end":{"line":88,"column":5}},"line":82},"7":{"name":"(anonymous_7)","decl":{"start":{"line":90,"column":10},"end":{"line":90,"column":11}},"loc":{"start":{"line":90,"column":28},"end":{"line":96,"column":5}},"line":90},"8":{"name":"(anonymous_8)","decl":{"start":{"line":100,"column":34},"end":{"line":100,"column":35}},"loc":{"start":{"line":100,"column":54},"end":{"line":121,"column":1}},"line":100},"9":{"name":"(anonymous_9)","decl":{"start":{"line":107,"column":10},"end":{"line":107,"column":11}},"loc":{"start":{"line":107,"column":23},"end":{"line":112,"column":5}},"line":107},"10":{"name":"(anonymous_10)","decl":{"start":{"line":113,"column":10},"end":{"line":113,"column":11}},"loc":{"start":{"line":113,"column":28},"end":{"line":119,"column":5}},"line":113},"11":{"name":"(anonymous_11)","decl":{"start":{"line":123,"column":24},"end":{"line":123,"column":25}},"loc":{"start":{"line":123,"column":44},"end":{"line":151,"column":1}},"line":123},"12":{"name":"(anonymous_12)","decl":{"start":{"line":127,"column":10},"end":{"line":127,"column":11}},"loc":{"start":{"line":127,"column":23},"end":{"line":142,"column":5}},"line":127},"13":{"name":"(anonymous_13)","decl":{"start":{"line":135,"column":14},"end":{"line":135,"column":15}},"loc":{"start":{"line":135,"column":35},"end":{"line":140,"column":9}},"line":135},"14":{"name":"(anonymous_14)","decl":{"start":{"line":143,"column":11},"end":{"line":143,"column":12}},"loc":{"start":{"line":143,"column":20},"end":{"line":150,"column":5}},"line":143},"15":{"name":"(anonymous_15)","decl":{"start":{"line":153,"column":28},"end":{"line":153,"column":29}},"loc":{"start":{"line":153,"column":48},"end":{"line":171,"column":1}},"line":153},"16":{"name":"(anonymous_16)","decl":{"start":{"line":164,"column":10},"end":{"line":164,"column":11}},"loc":{"start":{"line":164,"column":30},"end":{"line":169,"column":5}},"line":164},"17":{"name":"(anonymous_17)","decl":{"start":{"line":173,"column":33},"end":{"line":173,"column":34}},"loc":{"start":{"line":173,"column":53},"end":{"line":200,"column":1}},"line":173},"18":{"name":"(anonymous_18)","decl":{"start":{"line":196,"column":10},"end":{"line":196,"column":11}},"loc":{"start":{"line":196,"column":21},"end":{"line":198,"column":5}},"line":196},"19":{"name":"(anonymous_19)","decl":{"start":{"line":202,"column":35},"end":{"line":202,"column":36}},"loc":{"start":{"line":202,"column":55},"end":{"line":225,"column":1}},"line":202},"20":{"name":"(anonymous_20)","decl":{"start":{"line":217,"column":10},"end":{"line":217,"column":11}},"loc":{"start":{"line":217,"column":25},"end":{"line":223,"column":5}},"line":217},"21":{"name":"(anonymous_21)","decl":{"start":{"line":219,"column":8},"end":{"line":219,"column":9}},"loc":{"start":{"line":219,"column":22},"end":{"line":219,"column":62}},"line":219},"22":{"name":"(anonymous_22)","decl":{"start":{"line":227,"column":28},"end":{"line":227,"column":29}},"loc":{"start":{"line":227,"column":48},"end":{"line":254,"column":1}},"line":227},"23":{"name":"(anonymous_23)","decl":{"start":{"line":247,"column":10},"end":{"line":247,"column":11}},"loc":{"start":{"line":247,"column":21},"end":{"line":252,"column":5}},"line":247},"24":{"name":"(anonymous_24)","decl":{"start":{"line":249,"column":37},"end":{"line":249,"column":38}},"loc":{"start":{"line":249,"column":47},"end":{"line":249,"column":63}},"line":249}},"branchMap":{"0":{"loc":{"start":{"line":16,"column":2},"end":{"line":18,"column":3}},"type":"if","locations":[{"start":{"line":16,"column":2},"end":{"line":18,"column":3}},{"start":{},"end":{}}],"line":16},"1":{"loc":{"start":{"line":34,"column":6},"end":{"line":36,"column":7}},"type":"if","locations":[{"start":{"line":34,"column":6},"end":{"line":36,"column":7}},{"start":{},"end":{}}],"line":34},"2":{"loc":{"start":{"line":47,"column":2},"end":{"line":49,"column":3}},"type":"if","locations":[{"start":{"line":47,"column":2},"end":{"line":49,"column":3}},{"start":{},"end":{}}],"line":47},"3":{"loc":{"start":{"line":53,"column":6},"end":{"line":55,"column":7}},"type":"if","locations":[{"start":{"line":53,"column":6},"end":{"line":55,"column":7}},{"start":{},"end":{}}],"line":53},"4":{"loc":{"start":{"line":66,"column":6},"end":{"line":70,"column":7}},"type":"if","locations":[{"start":{"line":66,"column":6},"end":{"line":70,"column":7}},{"start":{"line":68,"column":13},"end":{"line":70,"column":7}}],"line":66},"5":{"loc":{"start":{"line":77,"column":2},"end":{"line":79,"column":3}},"type":"if","locations":[{"start":{"line":77,"column":2},"end":{"line":79,"column":3}},{"start":{},"end":{}}],"line":77},"6":{"loc":{"start":{"line":83,"column":6},"end":{"line":85,"column":7}},"type":"if","locations":[{"start":{"line":83,"column":6},"end":{"line":85,"column":7}},{"start":{},"end":{}}],"line":83},"7":{"loc":{"start":{"line":91,"column":6},"end":{"line":95,"column":7}},"type":"if","locations":[{"start":{"line":91,"column":6},"end":{"line":95,"column":7}},{"start":{"line":93,"column":13},"end":{"line":95,"column":7}}],"line":91},"8":{"loc":{"start":{"line":102,"column":2},"end":{"line":104,"column":3}},"type":"if","locations":[{"start":{"line":102,"column":2},"end":{"line":104,"column":3}},{"start":{},"end":{}}],"line":102},"9":{"loc":{"start":{"line":108,"column":6},"end":{"line":110,"column":7}},"type":"if","locations":[{"start":{"line":108,"column":6},"end":{"line":110,"column":7}},{"start":{},"end":{}}],"line":108},"10":{"loc":{"start":{"line":114,"column":6},"end":{"line":118,"column":7}},"type":"if","locations":[{"start":{"line":114,"column":6},"end":{"line":118,"column":7}},{"start":{"line":116,"column":13},"end":{"line":118,"column":7}}],"line":114},"11":{"loc":{"start":{"line":136,"column":10},"end":{"line":138,"column":11}},"type":"if","locations":[{"start":{"line":136,"column":10},"end":{"line":138,"column":11}},{"start":{},"end":{}}],"line":136},"12":{"loc":{"start":{"line":144,"column":6},"end":{"line":148,"column":7}},"type":"if","locations":[{"start":{"line":144,"column":6},"end":{"line":148,"column":7}},{"start":{},"end":{}}],"line":144},"13":{"loc":{"start":{"line":155,"column":2},"end":{"line":157,"column":3}},"type":"if","locations":[{"start":{"line":155,"column":2},"end":{"line":157,"column":3}},{"start":{},"end":{}}],"line":155},"14":{"loc":{"start":{"line":165,"column":6},"end":{"line":167,"column":7}},"type":"if","locations":[{"start":{"line":165,"column":6},"end":{"line":167,"column":7}},{"start":{},"end":{}}],"line":165},"15":{"loc":{"start":{"line":176,"column":2},"end":{"line":178,"column":3}},"type":"if","locations":[{"start":{"line":176,"column":2},"end":{"line":178,"column":3}},{"start":{},"end":{}}],"line":176},"16":{"loc":{"start":{"line":205,"column":2},"end":{"line":207,"column":3}},"type":"if","locations":[{"start":{"line":205,"column":2},"end":{"line":207,"column":3}},{"start":{},"end":{}}],"line":205},"17":{"loc":{"start":{"line":230,"column":2},"end":{"line":232,"column":3}},"type":"if","locations":[{"start":{"line":230,"column":2},"end":{"line":232,"column":3}},{"start":{},"end":{}}],"line":230},"18":{"loc":{"start":{"line":250,"column":23},"end":{"line":250,"column":64}},"type":"cond-expr","locations":[{"start":{"line":250,"column":35},"end":{"line":250,"column":60}},{"start":{"line":250,"column":63},"end":{"line":250,"column":64}}],"line":250}},"s":{"0":1,"1":1,"2":1,"3":1,"4":1,"5":3,"6":3,"7":1,"8":2,"9":2,"10":1,"11":1,"12":1,"13":1,"14":1,"15":1,"16":3,"17":3,"18":1,"19":2,"20":2,"21":1,"22":1,"23":2,"24":0,"25":2,"26":1,"27":3,"28":3,"29":1,"30":2,"31":2,"32":1,"33":1,"34":2,"35":0,"36":2,"37":1,"38":3,"39":3,"40":1,"41":2,"42":2,"43":1,"44":1,"45":2,"46":0,"47":2,"48":1,"49":3,"50":3,"51":1,"52":1,"53":1,"54":0,"55":1,"56":2,"57":2,"58":0,"59":1,"60":1,"61":1,"62":0,"63":1,"64":1,"65":1,"66":0,"67":1,"68":1,"69":0,"70":0,"71":0,"72":0,"73":0,"74":0,"75":0,"76":0,"77":0,"78":0,"79":1,"80":0,"81":0,"82":0,"83":0,"84":0,"85":0,"86":0,"87":0,"88":0,"89":1,"90":0,"91":0,"92":0,"93":0,"94":0,"95":0,"96":0,"97":0,"98":0,"99":0,"100":0,"101":0,"102":0},"f":{"0":3,"1":2,"2":3,"3":2,"4":2,"5":3,"6":2,"7":2,"8":3,"9":2,"10":2,"11":3,"12":1,"13":1,"14":2,"15":1,"16":1,"17":0,"18":0,"19":0,"20":0,"21":0,"22":0,"23":0,"24":0},"b":{"0":[1,2],"1":[1,1],"2":[1,2],"3":[1,1],"4":[0,2],"5":[1,2],"6":[1,1],"7":[0,2],"8":[1,2],"9":[1,1],"10":[0,2],"11":[0,1],"12":[2,0],"13":[0,1],"14":[0,1],"15":[0,0],"16":[0,0],"17":[0,0],"18":[0,0]},"_coverageSchema":"1a1c01bbd47fc00a2c39e90264f33305004495a9","hash":"785152f6dea84f5684bac34bd0444545f6020cf8"}
,"/Users/dudleyspence/GitHub Projects/PeaceOfMind/PeaceOfMind-API/controllers/task.controller.js": {"path":"/Users/dudleyspence/GitHub Projects/PeaceOfMind/PeaceOfMind-API/controllers/task.controller.js","statementMap":{"0":{"start":{"line":8,"column":4},"end":{"line":8,"column":36}},"1":{"start":{"line":9,"column":17},"end":{"line":9,"column":36}},"2":{"start":{"line":11,"column":0},"end":{"line":28,"column":2}},"3":{"start":{"line":12,"column":30},"end":{"line":12,"column":40}},"4":{"start":{"line":13,"column":18},"end":{"line":13,"column":26}},"5":{"start":{"line":14,"column":2},"end":{"line":16,"column":3}},"6":{"start":{"line":15,"column":4},"end":{"line":15,"column":60}},"7":{"start":{"line":17,"column":2},"end":{"line":27,"column":17}},"8":{"start":{"line":22,"column":6},"end":{"line":24,"column":7}},"9":{"start":{"line":23,"column":8},"end":{"line":23,"column":67}},"10":{"start":{"line":25,"column":6},"end":{"line":25,"column":40}},"11":{"start":{"line":30,"column":0},"end":{"line":50,"column":2}},"12":{"start":{"line":31,"column":30},"end":{"line":31,"column":40}},"13":{"start":{"line":33,"column":18},"end":{"line":33,"column":26}},"14":{"start":{"line":35,"column":2},"end":{"line":37,"column":3}},"15":{"start":{"line":36,"column":4},"end":{"line":36,"column":73}},"16":{"start":{"line":39,"column":2},"end":{"line":49,"column":17}},"17":{"start":{"line":44,"column":6},"end":{"line":46,"column":7}},"18":{"start":{"line":45,"column":8},"end":{"line":45,"column":76}},"19":{"start":{"line":47,"column":6},"end":{"line":47,"column":44}},"20":{"start":{"line":52,"column":0},"end":{"line":73,"column":2}},"21":{"start":{"line":53,"column":15},"end":{"line":53,"column":23}},"22":{"start":{"line":55,"column":23},"end":{"line":55,"column":40}},"23":{"start":{"line":56,"column":26},"end":{"line":56,"column":56}},"24":{"start":{"line":58,"column":2},"end":{"line":72,"column":5}},"25":{"start":{"line":59,"column":23},"end":{"line":59,"column":35}},"26":{"start":{"line":60,"column":4},"end":{"line":71,"column":5}},"27":{"start":{"line":61,"column":27},"end":{"line":61,"column":44}},"28":{"start":{"line":62,"column":6},"end":{"line":62,"column":41}},"29":{"start":{"line":64,"column":30},"end":{"line":64,"column":60}},"30":{"start":{"line":66,"column":6},"end":{"line":68,"column":9}},"31":{"start":{"line":67,"column":8},"end":{"line":67,"column":67}},"32":{"start":{"line":70,"column":6},"end":{"line":70,"column":44}},"33":{"start":{"line":75,"column":0},"end":{"line":86,"column":2}},"34":{"start":{"line":76,"column":26},"end":{"line":76,"column":36}},"35":{"start":{"line":78,"column":2},"end":{"line":85,"column":17}},"36":{"start":{"line":80,"column":6},"end":{"line":82,"column":7}},"37":{"start":{"line":81,"column":8},"end":{"line":81,"column":67}},"38":{"start":{"line":83,"column":6},"end":{"line":83,"column":69}},"39":{"start":{"line":88,"column":0},"end":{"line":99,"column":2}},"40":{"start":{"line":89,"column":26},"end":{"line":89,"column":36}},"41":{"start":{"line":91,"column":2},"end":{"line":98,"column":17}},"42":{"start":{"line":93,"column":6},"end":{"line":95,"column":7}},"43":{"start":{"line":94,"column":8},"end":{"line":94,"column":67}},"44":{"start":{"line":96,"column":6},"end":{"line":96,"column":69}}},"fnMap":{"0":{"name":"(anonymous_0)","decl":{"start":{"line":11,"column":29},"end":{"line":11,"column":30}},"loc":{"start":{"line":11,"column":49},"end":{"line":28,"column":1}},"line":11},"1":{"name":"(anonymous_1)","decl":{"start":{"line":21,"column":10},"end":{"line":21,"column":11}},"loc":{"start":{"line":21,"column":27},"end":{"line":26,"column":5}},"line":21},"2":{"name":"(anonymous_2)","decl":{"start":{"line":30,"column":29},"end":{"line":30,"column":30}},"loc":{"start":{"line":30,"column":49},"end":{"line":50,"column":1}},"line":30},"3":{"name":"(anonymous_3)","decl":{"start":{"line":43,"column":10},"end":{"line":43,"column":11}},"loc":{"start":{"line":43,"column":31},"end":{"line":48,"column":5}},"line":43},"4":{"name":"(anonymous_4)","decl":{"start":{"line":52,"column":19},"end":{"line":52,"column":20}},"loc":{"start":{"line":52,"column":39},"end":{"line":73,"column":1}},"line":52},"5":{"name":"(anonymous_5)","decl":{"start":{"line":58,"column":30},"end":{"line":58,"column":31}},"loc":{"start":{"line":58,"column":44},"end":{"line":72,"column":3}},"line":58},"6":{"name":"(anonymous_6)","decl":{"start":{"line":66,"column":34},"end":{"line":66,"column":35}},"loc":{"start":{"line":66,"column":48},"end":{"line":68,"column":7}},"line":66},"7":{"name":"(anonymous_7)","decl":{"start":{"line":75,"column":29},"end":{"line":75,"column":30}},"loc":{"start":{"line":75,"column":49},"end":{"line":86,"column":1}},"line":75},"8":{"name":"(anonymous_8)","decl":{"start":{"line":79,"column":10},"end":{"line":79,"column":11}},"loc":{"start":{"line":79,"column":27},"end":{"line":84,"column":5}},"line":79},"9":{"name":"(anonymous_9)","decl":{"start":{"line":88,"column":29},"end":{"line":88,"column":30}},"loc":{"start":{"line":88,"column":49},"end":{"line":99,"column":1}},"line":88},"10":{"name":"(anonymous_10)","decl":{"start":{"line":92,"column":10},"end":{"line":92,"column":11}},"loc":{"start":{"line":92,"column":27},"end":{"line":97,"column":5}},"line":92}},"branchMap":{"0":{"loc":{"start":{"line":14,"column":2},"end":{"line":16,"column":3}},"type":"if","locations":[{"start":{"line":14,"column":2},"end":{"line":16,"column":3}},{"start":{},"end":{}}],"line":14},"1":{"loc":{"start":{"line":22,"column":6},"end":{"line":24,"column":7}},"type":"if","locations":[{"start":{"line":22,"column":6},"end":{"line":24,"column":7}},{"start":{},"end":{}}],"line":22},"2":{"loc":{"start":{"line":35,"column":2},"end":{"line":37,"column":3}},"type":"if","locations":[{"start":{"line":35,"column":2},"end":{"line":37,"column":3}},{"start":{},"end":{}}],"line":35},"3":{"loc":{"start":{"line":44,"column":6},"end":{"line":46,"column":7}},"type":"if","locations":[{"start":{"line":44,"column":6},"end":{"line":46,"column":7}},{"start":{},"end":{}}],"line":44},"4":{"loc":{"start":{"line":60,"column":4},"end":{"line":71,"column":5}},"type":"if","locations":[{"start":{"line":60,"column":4},"end":{"line":71,"column":5}},{"start":{"line":69,"column":11},"end":{"line":71,"column":5}}],"line":60},"5":{"loc":{"start":{"line":80,"column":6},"end":{"line":82,"column":7}},"type":"if","locations":[{"start":{"line":80,"column":6},"end":{"line":82,"column":7}},{"start":{},"end":{}}],"line":80},"6":{"loc":{"start":{"line":93,"column":6},"end":{"line":95,"column":7}},"type":"if","locations":[{"start":{"line":93,"column":6},"end":{"line":95,"column":7}},{"start":{},"end":{}}],"line":93}},"s":{"0":1,"1":1,"2":1,"3":1,"4":1,"5":1,"6":0,"7":1,"8":1,"9":0,"10":1,"11":1,"12":0,"13":0,"14":0,"15":0,"16":0,"17":0,"18":0,"19":0,"20":1,"21":0,"22":0,"23":0,"24":0,"25":0,"26":0,"27":0,"28":0,"29":0,"30":0,"31":0,"32":0,"33":1,"34":0,"35":0,"36":0,"37":0,"38":0,"39":1,"40":0,"41":0,"42":0,"43":0,"44":0},"f":{"0":1,"1":1,"2":0,"3":0,"4":0,"5":0,"6":0,"7":0,"8":0,"9":0,"10":0},"b":{"0":[0,1],"1":[0,1],"2":[0,0],"3":[0,0],"4":[0,0],"5":[0,0],"6":[0,0]},"_coverageSchema":"1a1c01bbd47fc00a2c39e90264f33305004495a9","hash":"9e46edd061808e0672a87c6782e56ebae9339d3b"}
,"/Users/dudleyspence/GitHub Projects/PeaceOfMind/PeaceOfMind-API/controllers/user.controller.js": {"path":"/Users/dudleyspence/GitHub Projects/PeaceOfMind/PeaceOfMind-API/controllers/user.controller.js","statementMap":{"0":{"start":{"line":9,"column":4},"end":{"line":9,"column":36}},"1":{"start":{"line":10,"column":17},"end":{"line":10,"column":36}},"2":{"start":{"line":12,"column":0},"end":{"line":45,"column":2}},"3":{"start":{"line":13,"column":18},"end":{"line":13,"column":36}},"4":{"start":{"line":15,"column":2},"end":{"line":44,"column":17}},"5":{"start":{"line":18,"column":21},"end":{"line":18,"column":32}},"6":{"start":{"line":20,"column":6},"end":{"line":42,"column":7}},"7":{"start":{"line":21,"column":28},"end":{"line":21,"column":63}},"8":{"start":{"line":22,"column":8},"end":{"line":29,"column":13}},"9":{"start":{"line":25,"column":12},"end":{"line":25,"column":45}},"10":{"start":{"line":28,"column":12},"end":{"line":28,"column":59}},"11":{"start":{"line":30,"column":13},"end":{"line":42,"column":7}},"12":{"start":{"line":31,"column":25},"end":{"line":31,"column":52}},"13":{"start":{"line":32,"column":8},"end":{"line":39,"column":13}},"14":{"start":{"line":35,"column":12},"end":{"line":35,"column":42}},"15":{"start":{"line":38,"column":12},"end":{"line":38,"column":56}},"16":{"start":{"line":41,"column":8},"end":{"line":41,"column":80}},"17":{"start":{"line":47,"column":0},"end":{"line":71,"column":2}},"18":{"start":{"line":48,"column":26},"end":{"line":48,"column":36}},"19":{"start":{"line":50,"column":2},"end":{"line":70,"column":17}},"20":{"start":{"line":52,"column":6},"end":{"line":54,"column":7}},"21":{"start":{"line":53,"column":8},"end":{"line":53,"column":67}},"22":{"start":{"line":56,"column":6},"end":{"line":60,"column":7}},"23":{"start":{"line":57,"column":8},"end":{"line":59,"column":32}},"24":{"start":{"line":61,"column":6},"end":{"line":65,"column":7}},"25":{"start":{"line":62,"column":8},"end":{"line":64,"column":32}},"26":{"start":{"line":68,"column":6},"end":{"line":68,"column":49}}},"fnMap":{"0":{"name":"(anonymous_0)","decl":{"start":{"line":12,"column":21},"end":{"line":12,"column":22}},"loc":{"start":{"line":12,"column":41},"end":{"line":45,"column":1}},"line":12},"1":{"name":"(anonymous_1)","decl":{"start":{"line":17,"column":10},"end":{"line":17,"column":11}},"loc":{"start":{"line":17,"column":16},"end":{"line":43,"column":5}},"line":17},"2":{"name":"(anonymous_2)","decl":{"start":{"line":24,"column":16},"end":{"line":24,"column":17}},"loc":{"start":{"line":24,"column":30},"end":{"line":26,"column":11}},"line":24},"3":{"name":"(anonymous_3)","decl":{"start":{"line":27,"column":16},"end":{"line":27,"column":17}},"loc":{"start":{"line":27,"column":39},"end":{"line":29,"column":11}},"line":27},"4":{"name":"(anonymous_4)","decl":{"start":{"line":34,"column":16},"end":{"line":34,"column":17}},"loc":{"start":{"line":34,"column":27},"end":{"line":36,"column":11}},"line":34},"5":{"name":"(anonymous_5)","decl":{"start":{"line":37,"column":16},"end":{"line":37,"column":17}},"loc":{"start":{"line":37,"column":36},"end":{"line":39,"column":11}},"line":37},"6":{"name":"(anonymous_6)","decl":{"start":{"line":47,"column":31},"end":{"line":47,"column":32}},"loc":{"start":{"line":47,"column":51},"end":{"line":71,"column":1}},"line":47},"7":{"name":"(anonymous_7)","decl":{"start":{"line":51,"column":10},"end":{"line":51,"column":11}},"loc":{"start":{"line":51,"column":20},"end":{"line":66,"column":5}},"line":51},"8":{"name":"(anonymous_8)","decl":{"start":{"line":67,"column":10},"end":{"line":67,"column":11}},"loc":{"start":{"line":67,"column":29},"end":{"line":69,"column":5}},"line":67}},"branchMap":{"0":{"loc":{"start":{"line":20,"column":6},"end":{"line":42,"column":7}},"type":"if","locations":[{"start":{"line":20,"column":6},"end":{"line":42,"column":7}},{"start":{"line":30,"column":13},"end":{"line":42,"column":7}}],"line":20},"1":{"loc":{"start":{"line":30,"column":13},"end":{"line":42,"column":7}},"type":"if","locations":[{"start":{"line":30,"column":13},"end":{"line":42,"column":7}},{"start":{"line":40,"column":13},"end":{"line":42,"column":7}}],"line":30},"2":{"loc":{"start":{"line":52,"column":6},"end":{"line":54,"column":7}},"type":"if","locations":[{"start":{"line":52,"column":6},"end":{"line":54,"column":7}},{"start":{},"end":{}}],"line":52},"3":{"loc":{"start":{"line":56,"column":6},"end":{"line":60,"column":7}},"type":"if","locations":[{"start":{"line":56,"column":6},"end":{"line":60,"column":7}},{"start":{},"end":{}}],"line":56},"4":{"loc":{"start":{"line":61,"column":6},"end":{"line":65,"column":7}},"type":"if","locations":[{"start":{"line":61,"column":6},"end":{"line":65,"column":7}},{"start":{},"end":{}}],"line":61}},"s":{"0":1,"1":1,"2":1,"3":0,"4":0,"5":0,"6":0,"7":0,"8":0,"9":0,"10":0,"11":0,"12":0,"13":0,"14":0,"15":0,"16":0,"17":1,"18":0,"19":0,"20":0,"21":0,"22":0,"23":0,"24":0,"25":0,"26":0},"f":{"0":0,"1":0,"2":0,"3":0,"4":0,"5":0,"6":0,"7":0,"8":0},"b":{"0":[0,0],"1":[0,0],"2":[0,0],"3":[0,0],"4":[0,0]},"_coverageSchema":"1a1c01bbd47fc00a2c39e90264f33305004495a9","hash":"5462d084b02bc08db10f9e81bec16eb9ce4a3f97"}
,"/Users/dudleyspence/GitHub Projects/PeaceOfMind/PeaceOfMind-API/db/connection.js": {"path":"/Users/dudleyspence/GitHub Projects/PeaceOfMind/PeaceOfMind-API/db/connection.js","statementMap":{"0":{"start":{"line":1,"column":17},"end":{"line":1,"column":36}},"1":{"start":{"line":2,"column":27},"end":{"line":2,"column":63}},"2":{"start":{"line":4,"column":0},"end":{"line":4,"column":35}},"3":{"start":{"line":7,"column":2},"end":{"line":14,"column":7}},"4":{"start":{"line":10,"column":6},"end":{"line":10,"column":55}},"5":{"start":{"line":13,"column":6},"end":{"line":13,"column":57}},"6":{"start":{"line":17,"column":0},"end":{"line":17,"column":27}}},"fnMap":{"0":{"name":"connectDB","decl":{"start":{"line":6,"column":9},"end":{"line":6,"column":18}},"loc":{"start":{"line":6,"column":21},"end":{"line":15,"column":1}},"line":6},"1":{"name":"(anonymous_1)","decl":{"start":{"line":9,"column":10},"end":{"line":9,"column":11}},"loc":{"start":{"line":9,"column":16},"end":{"line":11,"column":5}},"line":9},"2":{"name":"(anonymous_2)","decl":{"start":{"line":12,"column":11},"end":{"line":12,"column":12}},"loc":{"start":{"line":12,"column":20},"end":{"line":14,"column":5}},"line":12}},"branchMap":{},"s":{"0":1,"1":1,"2":1,"3":1,"4":1,"5":0,"6":1},"f":{"0":1,"1":1,"2":0},"b":{},"_coverageSchema":"1a1c01bbd47fc00a2c39e90264f33305004495a9","hash":"0bce512af4da5159069f4d2bbbf43c7dd5711b32"}
,"/Users/dudleyspence/GitHub Projects/PeaceOfMind/PeaceOfMind-API/db/seeds/seed.js": {"path":"/Users/dudleyspence/GitHub Projects/PeaceOfMind/PeaceOfMind-API/db/seeds/seed.js","statementMap":{"0":{"start":{"line":1,"column":19},"end":{"line":1,"column":43}},"1":{"start":{"line":2,"column":13},"end":{"line":2,"column":28}},"2":{"start":{"line":3,"column":27},"end":{"line":3,"column":66}},"3":{"start":{"line":7,"column":0},"end":{"line":11,"column":1}},"4":{"start":{"line":8,"column":2},"end":{"line":8,"column":33}},"5":{"start":{"line":10,"column":2},"end":{"line":10,"column":40}},"6":{"start":{"line":14,"column":17},"end":{"line":20,"column":4}},"7":{"start":{"line":22,"column":23},"end":{"line":22,"column":56}},"8":{"start":{"line":24,"column":35},"end":{"line":33,"column":3}},"9":{"start":{"line":35,"column":22},"end":{"line":38,"column":3}},"10":{"start":{"line":40,"column":2},"end":{"line":47,"column":7}},"11":{"start":{"line":43,"column":6},"end":{"line":43,"column":53}},"12":{"start":{"line":46,"column":6},"end":{"line":46,"column":44}},"13":{"start":{"line":50,"column":0},"end":{"line":50,"column":26}}},"fnMap":{"0":{"name":"seedData","decl":{"start":{"line":13,"column":9},"end":{"line":13,"column":17}},"loc":{"start":{"line":13,"column":20},"end":{"line":48,"column":1}},"line":13},"1":{"name":"(anonymous_1)","decl":{"start":{"line":42,"column":10},"end":{"line":42,"column":11}},"loc":{"start":{"line":42,"column":16},"end":{"line":44,"column":5}},"line":42},"2":{"name":"(anonymous_2)","decl":{"start":{"line":45,"column":11},"end":{"line":45,"column":12}},"loc":{"start":{"line":45,"column":20},"end":{"line":47,"column":5}},"line":45}},"branchMap":{"0":{"loc":{"start":{"line":7,"column":0},"end":{"line":11,"column":1}},"type":"if","locations":[{"start":{"line":7,"column":0},"end":{"line":11,"column":1}},{"start":{"line":9,"column":7},"end":{"line":11,"column":1}}],"line":7}},"s":{"0":1,"1":1,"2":1,"3":1,"4":1,"5":0,"6":1,"7":1,"8":1,"9":1,"10":1,"11":1,"12":0,"13":1},"f":{"0":1,"1":1,"2":0},"b":{"0":[1,0]},"_coverageSchema":"1a1c01bbd47fc00a2c39e90264f33305004495a9","hash":"7f37292f1927c70566abbc8b23528cd2cafaacfe"}
,"/Users/dudleyspence/GitHub Projects/PeaceOfMind/PeaceOfMind-API/errors/errors.js": {"path":"/Users/dudleyspence/GitHub Projects/PeaceOfMind/PeaceOfMind-API/errors/errors.js","statementMap":{"0":{"start":{"line":1,"column":0},"end":{"line":7,"column":2}},"1":{"start":{"line":2,"column":2},"end":{"line":6,"column":3}},"2":{"start":{"line":3,"column":4},"end":{"line":3,"column":57}},"3":{"start":{"line":5,"column":4},"end":{"line":5,"column":14}},"4":{"start":{"line":9,"column":0},"end":{"line":15,"column":2}},"5":{"start":{"line":10,"column":2},"end":{"line":14,"column":3}},"6":{"start":{"line":11,"column":4},"end":{"line":11,"column":63}},"7":{"start":{"line":13,"column":4},"end":{"line":13,"column":14}},"8":{"start":{"line":17,"column":0},"end":{"line":19,"column":2}},"9":{"start":{"line":18,"column":2},"end":{"line":18,"column":66}}},"fnMap":{"0":{"name":"(anonymous_0)","decl":{"start":{"line":1,"column":27},"end":{"line":1,"column":28}},"loc":{"start":{"line":1,"column":61},"end":{"line":7,"column":1}},"line":1},"1":{"name":"(anonymous_1)","decl":{"start":{"line":9,"column":28},"end":{"line":9,"column":29}},"loc":{"start":{"line":9,"column":62},"end":{"line":15,"column":1}},"line":9},"2":{"name":"(anonymous_2)","decl":{"start":{"line":17,"column":28},"end":{"line":17,"column":29}},"loc":{"start":{"line":17,"column":56},"end":{"line":19,"column":1}},"line":17}},"branchMap":{"0":{"loc":{"start":{"line":2,"column":2},"end":{"line":6,"column":3}},"type":"if","locations":[{"start":{"line":2,"column":2},"end":{"line":6,"column":3}},{"start":{"line":4,"column":9},"end":{"line":6,"column":3}}],"line":2},"1":{"loc":{"start":{"line":10,"column":2},"end":{"line":14,"column":3}},"type":"if","locations":[{"start":{"line":10,"column":2},"end":{"line":14,"column":3}},{"start":{"line":12,"column":9},"end":{"line":14,"column":3}}],"line":10},"2":{"loc":{"start":{"line":10,"column":6},"end":{"line":10,"column":31}},"type":"binary-expr","locations":[{"start":{"line":10,"column":6},"end":{"line":10,"column":16}},{"start":{"line":10,"column":20},"end":{"line":10,"column":31}}],"line":10}},"s":{"0":1,"1":3,"2":0,"3":3,"4":1,"5":3,"6":0,"7":3,"8":1,"9":0},"f":{"0":3,"1":3,"2":0},"b":{"0":[0,3],"1":[0,3],"2":[3,0]},"_coverageSchema":"1a1c01bbd47fc00a2c39e90264f33305004495a9","hash":"f63fe9c0c35109571f2dd29689d49b28aab07f26"}
,"/Users/dudleyspence/GitHub Projects/PeaceOfMind/PeaceOfMind-API/models/carer.model.js": {"path":"/Users/dudleyspence/GitHub Projects/PeaceOfMind/PeaceOfMind-API/models/carer.model.js","statementMap":{"0":{"start":{"line":1,"column":17},"end":{"line":1,"column":36}},"1":{"start":{"line":3,"column":20},"end":{"line":12,"column":1}},"2":{"start":{"line":14,"column":14},"end":{"line":14,"column":50}},"3":{"start":{"line":15,"column":0},"end":{"line":15,"column":23}}},"fnMap":{},"branchMap":{},"s":{"0":1,"1":1,"2":1,"3":1},"f":{},"b":{},"_coverageSchema":"1a1c01bbd47fc00a2c39e90264f33305004495a9","hash":"f7e0000188fcf5beaf24b4682b7ea748c8d694c7"}
,"/Users/dudleyspence/GitHub Projects/PeaceOfMind/PeaceOfMind-API/models/comment.model.js": {"path":"/Users/dudleyspence/GitHub Projects/PeaceOfMind/PeaceOfMind-API/models/comment.model.js","statementMap":{"0":{"start":{"line":1,"column":17},"end":{"line":1,"column":36}},"1":{"start":{"line":3,"column":22},"end":{"line":20,"column":1}},"2":{"start":{"line":22,"column":16},"end":{"line":22,"column":56}},"3":{"start":{"line":24,"column":0},"end":{"line":24,"column":25}}},"fnMap":{},"branchMap":{},"s":{"0":1,"1":1,"2":1,"3":1},"f":{},"b":{},"_coverageSchema":"1a1c01bbd47fc00a2c39e90264f33305004495a9","hash":"9a6e9d9e9a6dc656694e576b6b8096e88a3fe29d"}
,"/Users/dudleyspence/GitHub Projects/PeaceOfMind/PeaceOfMind-API/models/file.model.js": {"path":"/Users/dudleyspence/GitHub Projects/PeaceOfMind/PeaceOfMind-API/models/file.model.js","statementMap":{"0":{"start":{"line":1,"column":17},"end":{"line":1,"column":36}},"1":{"start":{"line":3,"column":19},"end":{"line":12,"column":1}},"2":{"start":{"line":14,"column":13},"end":{"line":14,"column":47}},"3":{"start":{"line":16,"column":0},"end":{"line":16,"column":22}}},"fnMap":{},"branchMap":{},"s":{"0":1,"1":1,"2":1,"3":1},"f":{},"b":{},"_coverageSchema":"1a1c01bbd47fc00a2c39e90264f33305004495a9","hash":"2b8a078452f13183f17575169a0d5b38e3063bb7"}
,"/Users/dudleyspence/GitHub Projects/PeaceOfMind/PeaceOfMind-API/models/guardian.model.js": {"path":"/Users/dudleyspence/GitHub Projects/PeaceOfMind/PeaceOfMind-API/models/guardian.model.js","statementMap":{"0":{"start":{"line":1,"column":17},"end":{"line":1,"column":36}},"1":{"start":{"line":3,"column":23},"end":{"line":10,"column":1}},"2":{"start":{"line":12,"column":17},"end":{"line":12,"column":59}},"3":{"start":{"line":13,"column":0},"end":{"line":13,"column":26}}},"fnMap":{},"branchMap":{},"s":{"0":1,"1":1,"2":1,"3":1},"f":{},"b":{},"_coverageSchema":"1a1c01bbd47fc00a2c39e90264f33305004495a9","hash":"d6a8ad7cd8fe6461f3dde46cda28987040f693c1"}
,"/Users/dudleyspence/GitHub Projects/PeaceOfMind/PeaceOfMind-API/models/index.model.js": {"path":"/Users/dudleyspence/GitHub Projects/PeaceOfMind/PeaceOfMind-API/models/index.model.js","statementMap":{"0":{"start":{"line":1,"column":0},"end":{"line":1,"column":41}},"1":{"start":{"line":2,"column":0},"end":{"line":2,"column":45}},"2":{"start":{"line":3,"column":0},"end":{"line":3,"column":45}},"3":{"start":{"line":4,"column":0},"end":{"line":4,"column":47}},"4":{"start":{"line":5,"column":0},"end":{"line":5,"column":55}},"5":{"start":{"line":6,"column":0},"end":{"line":6,"column":55}},"6":{"start":{"line":7,"column":0},"end":{"line":7,"column":39}},"7":{"start":{"line":8,"column":0},"end":{"line":8,"column":39}}},"fnMap":{},"branchMap":{},"s":{"0":1,"1":1,"2":1,"3":1,"4":1,"5":1,"6":1,"7":1},"f":{},"b":{},"_coverageSchema":"1a1c01bbd47fc00a2c39e90264f33305004495a9","hash":"e0f5d058607e1bc611daf2e4c91a1df1566016b6"}
,"/Users/dudleyspence/GitHub Projects/PeaceOfMind/PeaceOfMind-API/models/patient.model.js": {"path":"/Users/dudleyspence/GitHub Projects/PeaceOfMind/PeaceOfMind-API/models/patient.model.js","statementMap":{"0":{"start":{"line":1,"column":17},"end":{"line":1,"column":36}},"1":{"start":{"line":3,"column":22},"end":{"line":28,"column":1}},"2":{"start":{"line":21,"column":10},"end":{"line":21,"column":30}},"3":{"start":{"line":30,"column":16},"end":{"line":30,"column":56}},"4":{"start":{"line":32,"column":0},"end":{"line":32,"column":25}}},"fnMap":{"0":{"name":"(anonymous_0)","decl":{"start":{"line":20,"column":8},"end":{"line":20,"column":9}},"loc":{"start":{"line":20,"column":15},"end":{"line":22,"column":9}},"line":20}},"branchMap":{},"s":{"0":1,"1":1,"2":3,"3":1,"4":1},"f":{"0":3},"b":{},"_coverageSchema":"1a1c01bbd47fc00a2c39e90264f33305004495a9","hash":"31530d04ba0386c7cbc2578de4efedb7241accd2"}
,"/Users/dudleyspence/GitHub Projects/PeaceOfMind/PeaceOfMind-API/models/taskInstance.model.js": {"path":"/Users/dudleyspence/GitHub Projects/PeaceOfMind/PeaceOfMind-API/models/taskInstance.model.js","statementMap":{"0":{"start":{"line":1,"column":17},"end":{"line":1,"column":36}},"1":{"start":{"line":3,"column":27},"end":{"line":24,"column":1}},"2":{"start":{"line":26,"column":21},"end":{"line":26,"column":72}},"3":{"start":{"line":27,"column":0},"end":{"line":27,"column":30}}},"fnMap":{},"branchMap":{},"s":{"0":1,"1":1,"2":1,"3":1},"f":{},"b":{},"_coverageSchema":"1a1c01bbd47fc00a2c39e90264f33305004495a9","hash":"1f7fe2ba975b7b1ed49f326e236fde9cb5d4b824"}
,"/Users/dudleyspence/GitHub Projects/PeaceOfMind/PeaceOfMind-API/models/taskTemplate.model.js": {"path":"/Users/dudleyspence/GitHub Projects/PeaceOfMind/PeaceOfMind-API/models/taskTemplate.model.js","statementMap":{"0":{"start":{"line":1,"column":17},"end":{"line":1,"column":36}},"1":{"start":{"line":3,"column":27},"end":{"line":35,"column":1}},"2":{"start":{"line":12,"column":8},"end":{"line":12,"column":35}},"3":{"start":{"line":37,"column":21},"end":{"line":37,"column":72}},"4":{"start":{"line":38,"column":0},"end":{"line":38,"column":30}}},"fnMap":{"0":{"name":"(anonymous_0)","decl":{"start":{"line":11,"column":16},"end":{"line":11,"column":17}},"loc":{"start":{"line":11,"column":28},"end":{"line":13,"column":7}},"line":11}},"branchMap":{},"s":{"0":1,"1":1,"2":0,"3":1,"4":1},"f":{"0":0},"b":{},"_coverageSchema":"1a1c01bbd47fc00a2c39e90264f33305004495a9","hash":"6f5f135372bab87bb0224702b29a6777b9419292"}
,"/Users/dudleyspence/GitHub Projects/PeaceOfMind/PeaceOfMind-API/models/user.model.js": {"path":"/Users/dudleyspence/GitHub Projects/PeaceOfMind/PeaceOfMind-API/models/user.model.js","statementMap":{"0":{"start":{"line":1,"column":17},"end":{"line":1,"column":36}},"1":{"start":{"line":3,"column":19},"end":{"line":16,"column":1}},"2":{"start":{"line":18,"column":13},"end":{"line":18,"column":47}},"3":{"start":{"line":19,"column":0},"end":{"line":19,"column":22}}},"fnMap":{},"branchMap":{},"s":{"0":1,"1":1,"2":1,"3":1},"f":{},"b":{},"_coverageSchema":"1a1c01bbd47fc00a2c39e90264f33305004495a9","hash":"220a5adc100485f24ea382a04d204d4e9357f2b2"}
,"/Users/dudleyspence/GitHub Projects/PeaceOfMind/PeaceOfMind-API/routes/carer.routes.js": {"path":"/Users/dudleyspence/GitHub Projects/PeaceOfMind/PeaceOfMind-API/routes/carer.routes.js","statementMap":{"0":{"start":{"line":1,"column":16},"end":{"line":1,"column":34}},"1":{"start":{"line":5,"column":4},"end":{"line":5,"column":46}},"2":{"start":{"line":6,"column":15},"end":{"line":6,"column":31}},"3":{"start":{"line":8,"column":0},"end":{"line":8,"column":69}},"4":{"start":{"line":10,"column":0},"end":{"line":10,"column":48}},"5":{"start":{"line":12,"column":0},"end":{"line":12,"column":24}}},"fnMap":{},"branchMap":{},"s":{"0":1,"1":1,"2":1,"3":1,"4":1,"5":1},"f":{},"b":{},"_coverageSchema":"1a1c01bbd47fc00a2c39e90264f33305004495a9","hash":"68b0b0b6e8c5b107ec9aefb3f41b51c91888f978"}
,"/Users/dudleyspence/GitHub Projects/PeaceOfMind/PeaceOfMind-API/routes/comment.routes.js": {"path":"/Users/dudleyspence/GitHub Projects/PeaceOfMind/PeaceOfMind-API/routes/comment.routes.js","statementMap":{"0":{"start":{"line":1,"column":16},"end":{"line":1,"column":34}},"1":{"start":{"line":2,"column":26},"end":{"line":2,"column":70}},"2":{"start":{"line":3,"column":15},"end":{"line":3,"column":31}},"3":{"start":{"line":5,"column":0},"end":{"line":5,"column":40}},"4":{"start":{"line":7,"column":0},"end":{"line":7,"column":24}}},"fnMap":{},"branchMap":{},"s":{"0":1,"1":1,"2":1,"3":1,"4":1},"f":{},"b":{},"_coverageSchema":"1a1c01bbd47fc00a2c39e90264f33305004495a9","hash":"7c66d7540dad29cb59a8699efd1a304e8a9d8965"}
,"/Users/dudleyspence/GitHub Projects/PeaceOfMind/PeaceOfMind-API/routes/file.routes.js": {"path":"/Users/dudleyspence/GitHub Projects/PeaceOfMind/PeaceOfMind-API/routes/file.routes.js","statementMap":{"0":{"start":{"line":1,"column":16},"end":{"line":1,"column":34}},"1":{"start":{"line":2,"column":15},"end":{"line":2,"column":31}},"2":{"start":{"line":4,"column":0},"end":{"line":4,"column":24}}},"fnMap":{},"branchMap":{},"s":{"0":1,"1":1,"2":1},"f":{},"b":{},"_coverageSchema":"1a1c01bbd47fc00a2c39e90264f33305004495a9","hash":"4556fd2d21ab52720b322133f539a5282698a553"}
,"/Users/dudleyspence/GitHub Projects/PeaceOfMind/PeaceOfMind-API/routes/guardian.routes.js": {"path":"/Users/dudleyspence/GitHub Projects/PeaceOfMind/PeaceOfMind-API/routes/guardian.routes.js","statementMap":{"0":{"start":{"line":1,"column":16},"end":{"line":1,"column":34}},"1":{"start":{"line":5,"column":4},"end":{"line":5,"column":49}},"2":{"start":{"line":6,"column":15},"end":{"line":6,"column":31}},"3":{"start":{"line":8,"column":0},"end":{"line":8,"column":78}},"4":{"start":{"line":10,"column":0},"end":{"line":10,"column":53}},"5":{"start":{"line":12,"column":0},"end":{"line":12,"column":24}}},"fnMap":{},"branchMap":{},"s":{"0":1,"1":1,"2":1,"3":1,"4":1,"5":1},"f":{},"b":{},"_coverageSchema":"1a1c01bbd47fc00a2c39e90264f33305004495a9","hash":"eb21572eaf98bc7b2a2ca03273172e429923d8e4"}
,"/Users/dudleyspence/GitHub Projects/PeaceOfMind/PeaceOfMind-API/routes/index.routes.js": {"path":"/Users/dudleyspence/GitHub Projects/PeaceOfMind/PeaceOfMind-API/routes/index.routes.js","statementMap":{"0":{"start":{"line":1,"column":0},"end":{"line":1,"column":49}},"1":{"start":{"line":2,"column":0},"end":{"line":2,"column":53}},"2":{"start":{"line":3,"column":0},"end":{"line":3,"column":53}},"3":{"start":{"line":4,"column":0},"end":{"line":4,"column":55}},"4":{"start":{"line":5,"column":0},"end":{"line":5,"column":47}},"5":{"start":{"line":6,"column":0},"end":{"line":6,"column":47}},"6":{"start":{"line":7,"column":0},"end":{"line":7,"column":47}}},"fnMap":{},"branchMap":{},"s":{"0":1,"1":1,"2":1,"3":1,"4":1,"5":1,"6":1},"f":{},"b":{},"_coverageSchema":"1a1c01bbd47fc00a2c39e90264f33305004495a9","hash":"bd18089a5ef5e606e869ff3fb91de8b031f9887f"}
,"/Users/dudleyspence/GitHub Projects/PeaceOfMind/PeaceOfMind-API/routes/patient.routes.js": {"path":"/Users/dudleyspence/GitHub Projects/PeaceOfMind/PeaceOfMind-API/routes/patient.routes.js","statementMap":{"0":{"start":{"line":1,"column":16},"end":{"line":1,"column":34}},"1":{"start":{"line":2,"column":15},"end":{"line":2,"column":31}},"2":{"start":{"line":13,"column":4},"end":{"line":13,"column":48}},"3":{"start":{"line":15,"column":0},"end":{"line":15,"column":52}},"4":{"start":{"line":17,"column":0},"end":{"line":17,"column":65}},"5":{"start":{"line":18,"column":0},"end":{"line":18,"column":76}},"6":{"start":{"line":19,"column":0},"end":{"line":19,"column":76}},"7":{"start":{"line":20,"column":0},"end":{"line":20,"column":40}},"8":{"start":{"line":21,"column":0},"end":{"line":21,"column":57}},"9":{"start":{"line":22,"column":0},"end":{"line":22,"column":75}},"10":{"start":{"line":23,"column":0},"end":{"line":23,"column":71}},"11":{"start":{"line":25,"column":0},"end":{"line":25,"column":78}},"12":{"start":{"line":27,"column":0},"end":{"line":27,"column":24}}},"fnMap":{},"branchMap":{},"s":{"0":1,"1":1,"2":1,"3":1,"4":1,"5":1,"6":1,"7":1,"8":1,"9":1,"10":1,"11":1,"12":1},"f":{},"b":{},"_coverageSchema":"1a1c01bbd47fc00a2c39e90264f33305004495a9","hash":"f2dab9c4089f00e62f12a5987a3f9b98ce81beb1"}
,"/Users/dudleyspence/GitHub Projects/PeaceOfMind/PeaceOfMind-API/routes/task.routes.js": {"path":"/Users/dudleyspence/GitHub Projects/PeaceOfMind/PeaceOfMind-API/routes/task.routes.js","statementMap":{"0":{"start":{"line":1,"column":16},"end":{"line":1,"column":34}},"1":{"start":{"line":2,"column":15},"end":{"line":2,"column":31}},"2":{"start":{"line":9,"column":4},"end":{"line":9,"column":45}},"3":{"start":{"line":11,"column":0},"end":{"line":11,"column":70}},"4":{"start":{"line":13,"column":0},"end":{"line":13,"column":32}},"5":{"start":{"line":15,"column":0},"end":{"line":15,"column":70}},"6":{"start":{"line":17,"column":0},"end":{"line":17,"column":67}},"7":{"start":{"line":19,"column":0},"end":{"line":19,"column":67}},"8":{"start":{"line":21,"column":0},"end":{"line":21,"column":24}}},"fnMap":{},"branchMap":{},"s":{"0":1,"1":1,"2":1,"3":1,"4":1,"5":1,"6":1,"7":1,"8":1},"f":{},"b":{},"_coverageSchema":"1a1c01bbd47fc00a2c39e90264f33305004495a9","hash":"0b76d2d87660127cbb586db93003670fe71a1f2d"}
,"/Users/dudleyspence/GitHub Projects/PeaceOfMind/PeaceOfMind-API/routes/user.routes.js": {"path":"/Users/dudleyspence/GitHub Projects/PeaceOfMind/PeaceOfMind-API/routes/user.routes.js","statementMap":{"0":{"start":{"line":1,"column":16},"end":{"line":1,"column":34}},"1":{"start":{"line":5,"column":4},"end":{"line":5,"column":45}},"2":{"start":{"line":6,"column":15},"end":{"line":6,"column":31}},"3":{"start":{"line":8,"column":0},"end":{"line":8,"column":33}},"4":{"start":{"line":10,"column":0},"end":{"line":10,"column":59}},"5":{"start":{"line":12,"column":0},"end":{"line":12,"column":24}}},"fnMap":{},"branchMap":{},"s":{"0":1,"1":1,"2":1,"3":1,"4":1,"5":1},"f":{},"b":{},"_coverageSchema":"1a1c01bbd47fc00a2c39e90264f33305004495a9","hash":"a348e2305d7ed830cc885655eef3e4c4bec0408e"}
,"/Users/dudleyspence/GitHub Projects/PeaceOfMind/PeaceOfMind-API/utils/get_age.js": {"path":"/Users/dudleyspence/GitHub Projects/PeaceOfMind/PeaceOfMind-API/utils/get_age.js","statementMap":{"0":{"start":{"line":1,"column":0},"end":{"line":5,"column":2}},"1":{"start":{"line":2,"column":14},"end":{"line":2,"column":24}},"2":{"start":{"line":3,"column":14},"end":{"line":3,"column":52}},"3":{"start":{"line":4,"column":2},"end":{"line":4,"column":13}}},"fnMap":{"0":{"name":"(anonymous_0)","decl":{"start":{"line":1,"column":17},"end":{"line":1,"column":18}},"loc":{"start":{"line":1,"column":27},"end":{"line":5,"column":1}},"line":1}},"branchMap":{},"s":{"0":1,"1":1,"2":1,"3":1},"f":{"0":1},"b":{},"_coverageSchema":"1a1c01bbd47fc00a2c39e90264f33305004495a9","hash":"be684ca76ee0527646dcfad930450b2bbccf561d"}
}
