TN:
SF:app.js
FN:18,(anonymous_0)
FN:30,(anonymous_1)
FNF:2
FNH:1
FNDA:0,(anonymous_0)
FNDA:1,(anonymous_1)
DA:1,1
DA:2,1
DA:3,1
DA:4,1
DA:5,1
DA:6,1
DA:8,1
DA:10,1
DA:16,1
DA:18,1
DA:19,0
DA:22,1
DA:23,7
DA:27,1
DA:30,1
DA:31,1
DA:35,1
DA:36,1
DA:37,1
DA:39,1
LF:20
LH:19
BRF:0
BRH:0
end_of_record
TN:
SF:config/loadEnvironment.js
FN:3,getEnv
FNF:1
FNH:1
FNDA:1,getEnv
DA:1,1
DA:4,1
DA:5,1
DA:7,1
DA:9,1
DA:12,1
LF:6
LH:6
BRDA:4,0,0,1
BRDA:4,0,1,0
BRDA:7,1,0,1
BRDA:7,1,1,0
BRF:4
BRH:2
end_of_record
TN:
SF:controllers/carer.controller.js
FN:11,(anonymous_0)
FN:28,(anonymous_1)
FN:37,(anonymous_2)
FN:44,(anonymous_3)
FN:50,(anonymous_4)
FN:56,(anonymous_5)
FNF:6
FNH:5
FNDA:4,(anonymous_0)
FNDA:3,(anonymous_1)
FNDA:2,(anonymous_2)
FNDA:0,(anonymous_3)
FNDA:2,(anonymous_4)
FNDA:2,(anonymous_5)
DA:8,1
DA:9,1
DA:11,1
DA:12,4
DA:13,4
DA:15,4
DA:16,1
DA:19,3
DA:20,0
DA:23,3
DA:29,3
DA:30,1
DA:33,2
DA:38,2
DA:39,1
DA:41,1
DA:45,0
DA:46,0
DA:50,1
DA:51,2
DA:53,2
DA:57,2
DA:58,1
DA:60,1
LF:24
LH:21
BRDA:15,0,0,1
BRDA:15,0,1,3
BRDA:19,1,0,0
BRDA:19,1,1,3
BRDA:29,2,0,1
BRDA:29,2,1,2
BRDA:38,3,0,1
BRDA:38,3,1,1
BRDA:57,4,0,1
BRDA:57,4,1,1
BRF:10
BRH:9
end_of_record
TN:
SF:controllers/comment.controller.js
FN:11,(anonymous_0)
FN:16,(anonymous_1)
FN:24,(anonymous_2)
FN:27,(anonymous_3)
FNF:4
FNH:0
FNDA:0,(anonymous_0)
FNDA:0,(anonymous_1)
FNDA:0,(anonymous_2)
FNDA:0,(anonymous_3)
DA:8,1
DA:9,1
DA:11,1
DA:12,0
DA:14,0
DA:17,0
DA:25,0
DA:28,0
DA:29,0
DA:33,0
LF:10
LH:3
BRDA:28,0,0,0
BRDA:28,0,1,0
BRF:2
BRH:0
end_of_record
TN:
SF:controllers/guardian.controller.js
FN:11,(anonymous_0)
FN:30,(anonymous_1)
FN:39,(anonymous_2)
FN:46,(anonymous_3)
FN:52,(anonymous_4)
FN:58,(anonymous_5)
FNF:6
FNH:5
FNDA:4,(anonymous_0)
FNDA:3,(anonymous_1)
FNDA:2,(anonymous_2)
FNDA:0,(anonymous_3)
FNDA:2,(anonymous_4)
FNDA:2,(anonymous_5)
DA:8,1
DA:9,1
DA:11,1
DA:12,4
DA:13,4
DA:15,4
DA:16,1
DA:21,3
DA:22,0
DA:25,3
DA:31,3
DA:32,1
DA:35,2
DA:40,2
DA:41,1
DA:43,1
DA:47,0
DA:48,0
DA:52,1
DA:53,2
DA:55,2
DA:59,2
DA:60,1
DA:62,1
LF:24
LH:21
BRDA:15,0,0,1
BRDA:15,0,1,3
BRDA:21,1,0,0
BRDA:21,1,1,3
BRDA:31,2,0,1
BRDA:31,2,1,2
BRDA:40,3,0,1
BRDA:40,3,1,1
BRDA:59,4,0,1
BRDA:59,4,1,1
BRF:10
BRH:9
end_of_record
TN:
SF:controllers/patient.controller.js
FN:13,(anonymous_0)
FN:33,(anonymous_1)
FN:45,(anonymous_2)
FN:52,(anonymous_3)
FN:65,(anonymous_4)
FN:75,(anonymous_5)
FN:82,(anonymous_6)
FN:90,(anonymous_7)
FN:100,(anonymous_8)
FN:107,(anonymous_9)
FN:113,(anonymous_10)
FN:123,(anonymous_11)
FN:127,(anonymous_12)
FN:135,(anonymous_13)
FN:143,(anonymous_14)
FN:153,(anonymous_15)
FN:164,(anonymous_16)
FN:173,(anonymous_17)
FN:196,(anonymous_18)
FN:202,(anonymous_19)
FN:217,(anonymous_20)
FN:219,(anonymous_21)
FN:227,(anonymous_22)
FN:247,(anonymous_23)
FN:249,(anonymous_24)
FNF:25
FNH:17
FNDA:3,(anonymous_0)
FNDA:2,(anonymous_1)
FNDA:3,(anonymous_2)
FNDA:2,(anonymous_3)
FNDA:2,(anonymous_4)
FNDA:3,(anonymous_5)
FNDA:2,(anonymous_6)
FNDA:2,(anonymous_7)
FNDA:3,(anonymous_8)
FNDA:2,(anonymous_9)
FNDA:2,(anonymous_10)
FNDA:3,(anonymous_11)
FNDA:1,(anonymous_12)
FNDA:1,(anonymous_13)
FNDA:2,(anonymous_14)
FNDA:1,(anonymous_15)
FNDA:1,(anonymous_16)
FNDA:0,(anonymous_17)
FNDA:0,(anonymous_18)
FNDA:0,(anonymous_19)
FNDA:0,(anonymous_20)
FNDA:0,(anonymous_21)
FNDA:0,(anonymous_22)
FNDA:0,(anonymous_23)
FNDA:0,(anonymous_24)
DA:8,1
DA:9,1
DA:10,1
DA:11,1
DA:13,1
DA:14,3
DA:16,3
DA:17,1
DA:20,2
DA:34,2
DA:35,1
DA:37,1
DA:38,1
DA:39,1
DA:40,1
DA:45,1
DA:46,3
DA:47,3
DA:48,1
DA:51,2
DA:53,2
DA:54,1
DA:56,1
DA:66,2
DA:67,0
DA:69,2
DA:75,1
DA:76,3
DA:77,3
DA:78,1
DA:81,2
DA:83,2
DA:84,1
DA:87,1
DA:91,2
DA:92,0
DA:94,2
DA:100,1
DA:101,3
DA:102,3
DA:103,1
DA:106,2
DA:108,2
DA:109,1
DA:111,1
DA:114,2
DA:115,0
DA:117,2
DA:123,1
DA:124,3
DA:125,3
DA:128,1
DA:130,1
DA:136,1
DA:137,0
DA:139,1
DA:144,2
DA:145,2
DA:149,0
DA:153,1
DA:154,1
DA:155,1
DA:156,0
DA:158,1
DA:160,1
DA:165,1
DA:166,0
DA:168,1
DA:173,1
DA:174,0
DA:176,0
DA:177,0
DA:180,0
DA:182,0
DA:183,0
DA:185,0
DA:186,0
DA:188,0
DA:197,0
DA:202,1
DA:203,0
DA:205,0
DA:206,0
DA:209,0
DA:210,0
DA:212,0
DA:218,0
DA:219,0
DA:222,0
DA:227,1
DA:228,0
DA:230,0
DA:231,0
DA:234,0
DA:235,0
DA:237,0
DA:238,0
DA:240,0
DA:248,0
DA:249,0
DA:250,0
DA:251,0
LF:102
LH:64
BRDA:16,0,0,1
BRDA:16,0,1,2
BRDA:34,1,0,1
BRDA:34,1,1,1
BRDA:47,2,0,1
BRDA:47,2,1,2
BRDA:53,3,0,1
BRDA:53,3,1,1
BRDA:66,4,0,0
BRDA:66,4,1,2
BRDA:77,5,0,1
BRDA:77,5,1,2
BRDA:83,6,0,1
BRDA:83,6,1,1
BRDA:91,7,0,0
BRDA:91,7,1,2
BRDA:102,8,0,1
BRDA:102,8,1,2
BRDA:108,9,0,1
BRDA:108,9,1,1
BRDA:114,10,0,0
BRDA:114,10,1,2
BRDA:136,11,0,0
BRDA:136,11,1,1
BRDA:144,12,0,2
BRDA:144,12,1,0
BRDA:155,13,0,0
BRDA:155,13,1,1
BRDA:165,14,0,0
BRDA:165,14,1,1
BRDA:176,15,0,0
BRDA:176,15,1,0
BRDA:205,16,0,0
BRDA:205,16,1,0
BRDA:230,17,0,0
BRDA:230,17,1,0
BRDA:250,18,0,0
BRDA:250,18,1,0
BRF:38
BRH:23
end_of_record
TN:
SF:controllers/task.controller.js
FN:11,(anonymous_0)
FN:21,(anonymous_1)
FN:30,(anonymous_2)
FN:43,(anonymous_3)
FN:52,(anonymous_4)
FN:58,(anonymous_5)
FN:66,(anonymous_6)
FN:75,(anonymous_7)
FN:79,(anonymous_8)
FN:88,(anonymous_9)
FN:92,(anonymous_10)
FNF:11
FNH:2
FNDA:1,(anonymous_0)
FNDA:1,(anonymous_1)
FNDA:0,(anonymous_2)
FNDA:0,(anonymous_3)
FNDA:0,(anonymous_4)
FNDA:0,(anonymous_5)
FNDA:0,(anonymous_6)
FNDA:0,(anonymous_7)
FNDA:0,(anonymous_8)
FNDA:0,(anonymous_9)
FNDA:0,(anonymous_10)
DA:8,1
DA:9,1
DA:11,1
DA:12,1
DA:13,1
DA:14,1
DA:15,0
DA:17,1
DA:22,1
DA:23,0
DA:25,1
DA:30,1
DA:31,0
DA:33,0
DA:35,0
DA:36,0
DA:39,0
DA:44,0
DA:45,0
DA:47,0
DA:52,1
DA:53,0
DA:55,0
DA:56,0
DA:58,0
DA:59,0
DA:60,0
DA:61,0
DA:62,0
DA:64,0
DA:66,0
DA:67,0
DA:70,0
DA:75,1
DA:76,0
DA:78,0
DA:80,0
DA:81,0
DA:83,0
DA:88,1
DA:89,0
DA:91,0
DA:93,0
DA:94,0
DA:96,0
LF:45
LH:13
BRDA:14,0,0,0
BRDA:14,0,1,1
BRDA:22,1,0,0
BRDA:22,1,1,1
BRDA:35,2,0,0
BRDA:35,2,1,0
BRDA:44,3,0,0
BRDA:44,3,1,0
BRDA:60,4,0,0
BRDA:60,4,1,0
BRDA:80,5,0,0
BRDA:80,5,1,0
BRDA:93,6,0,0
BRDA:93,6,1,0
BRF:14
BRH:2
end_of_record
TN:
SF:controllers/user.controller.js
FN:12,(anonymous_0)
FN:17,(anonymous_1)
FN:24,(anonymous_2)
FN:27,(anonymous_3)
FN:34,(anonymous_4)
FN:37,(anonymous_5)
FN:47,(anonymous_6)
FN:51,(anonymous_7)
FN:67,(anonymous_8)
FNF:9
FNH:0
FNDA:0,(anonymous_0)
FNDA:0,(anonymous_1)
FNDA:0,(anonymous_2)
FNDA:0,(anonymous_3)
FNDA:0,(anonymous_4)
FNDA:0,(anonymous_5)
FNDA:0,(anonymous_6)
FNDA:0,(anonymous_7)
FNDA:0,(anonymous_8)
DA:9,1
DA:10,1
DA:12,1
DA:13,0
DA:15,0
DA:18,0
DA:20,0
DA:21,0
DA:22,0
DA:25,0
DA:28,0
DA:30,0
DA:31,0
DA:32,0
DA:35,0
DA:38,0
DA:41,0
DA:47,1
DA:48,0
DA:50,0
DA:52,0
DA:53,0
DA:56,0
DA:57,0
DA:61,0
DA:62,0
DA:68,0
LF:27
LH:4
BRDA:20,0,0,0
BRDA:20,0,1,0
BRDA:30,1,0,0
BRDA:30,1,1,0
BRDA:52,2,0,0
BRDA:52,2,1,0
BRDA:56,3,0,0
BRDA:56,3,1,0
BRDA:61,4,0,0
BRDA:61,4,1,0
BRF:10
BRH:0
end_of_record
TN:
SF:db/connection.js
FN:6,connectDB
FN:9,(anonymous_1)
FN:12,(anonymous_2)
FNF:3
FNH:2
FNDA:1,connectDB
FNDA:1,(anonymous_1)
FNDA:0,(anonymous_2)
DA:1,1
DA:2,1
DA:4,1
DA:7,1
DA:10,1
DA:13,0
DA:17,1
LF:7
LH:6
BRF:0
BRH:0
end_of_record
TN:
SF:db/seeds/seed.js
FN:13,seedData
FN:42,(anonymous_1)
FN:45,(anonymous_2)
FNF:3
FNH:2
FNDA:1,seedData
FNDA:1,(anonymous_1)
FNDA:0,(anonymous_2)
DA:1,1
DA:2,1
DA:3,1
DA:7,1
DA:8,1
DA:10,0
DA:14,1
DA:22,1
DA:24,1
DA:35,1
DA:40,1
DA:43,1
DA:46,0
DA:50,1
LF:14
LH:12
BRDA:7,0,0,1
BRDA:7,0,1,0
BRF:2
BRH:1
end_of_record
TN:
SF:errors/errors.js
FN:1,(anonymous_0)
FN:9,(anonymous_1)
FN:17,(anonymous_2)
FNF:3
FNH:2
FNDA:3,(anonymous_0)
FNDA:3,(anonymous_1)
FNDA:0,(anonymous_2)
DA:1,1
DA:2,3
DA:3,0
DA:5,3
DA:9,1
DA:10,3
DA:11,0
DA:13,3
DA:17,1
DA:18,0
LF:10
LH:7
BRDA:2,0,0,0
BRDA:2,0,1,3
BRDA:10,1,0,0
BRDA:10,1,1,3
BRDA:10,2,0,3
BRDA:10,2,1,0
BRF:6
BRH:3
end_of_record
TN:
SF:models/carer.model.js
FNF:0
FNH:0
DA:1,1
DA:3,1
DA:14,1
DA:15,1
LF:4
LH:4
BRF:0
BRH:0
end_of_record
TN:
SF:models/comment.model.js
FNF:0
FNH:0
DA:1,1
DA:3,1
DA:22,1
DA:24,1
LF:4
LH:4
BRF:0
BRH:0
end_of_record
TN:
SF:models/file.model.js
FNF:0
FNH:0
DA:1,1
DA:3,1
DA:14,1
DA:16,1
LF:4
LH:4
BRF:0
BRH:0
end_of_record
TN:
SF:models/guardian.model.js
FNF:0
FNH:0
DA:1,1
DA:3,1
DA:12,1
DA:13,1
LF:4
LH:4
BRF:0
BRH:0
end_of_record
TN:
SF:models/index.model.js
FNF:0
FNH:0
DA:1,1
DA:2,1
DA:3,1
DA:4,1
DA:5,1
DA:6,1
DA:7,1
DA:8,1
LF:8
LH:8
BRF:0
BRH:0
end_of_record
TN:
SF:models/patient.model.js
FN:20,(anonymous_0)
FNF:1
FNH:1
FNDA:3,(anonymous_0)
DA:1,1
DA:3,1
DA:21,3
DA:30,1
DA:32,1
LF:5
LH:5
BRF:0
BRH:0
end_of_record
TN:
SF:models/taskInstance.model.js
FNF:0
FNH:0
DA:1,1
DA:3,1
DA:26,1
DA:27,1
LF:4
LH:4
BRF:0
BRH:0
end_of_record
TN:
SF:models/taskTemplate.model.js
FN:11,(anonymous_0)
FNF:1
FNH:0
FNDA:0,(anonymous_0)
DA:1,1
DA:3,1
DA:12,0
DA:37,1
DA:38,1
LF:5
LH:4
BRF:0
BRH:0
end_of_record
TN:
SF:models/user.model.js
FNF:0
FNH:0
DA:1,1
DA:3,1
DA:18,1
DA:19,1
LF:4
LH:4
BRF:0
BRH:0
end_of_record
TN:
SF:routes/carer.routes.js
FNF:0
FNH:0
DA:1,1
DA:5,1
DA:6,1
DA:8,1
DA:10,1
DA:12,1
LF:6
LH:6
BRF:0
BRH:0
end_of_record
TN:
SF:routes/comment.routes.js
FNF:0
FNH:0
DA:1,1
DA:2,1
DA:3,1
DA:5,1
DA:7,1
LF:5
LH:5
BRF:0
BRH:0
end_of_record
TN:
SF:routes/file.routes.js
FNF:0
FNH:0
DA:1,1
DA:2,1
DA:4,1
LF:3
LH:3
BRF:0
BRH:0
end_of_record
TN:
SF:routes/guardian.routes.js
FNF:0
FNH:0
DA:1,1
DA:5,1
DA:6,1
DA:8,1
DA:10,1
DA:12,1
LF:6
LH:6
BRF:0
BRH:0
end_of_record
TN:
SF:routes/index.routes.js
FNF:0
FNH:0
DA:1,1
DA:2,1
DA:3,1
DA:4,1
DA:5,1
DA:6,1
DA:7,1
LF:7
LH:7
BRF:0
BRH:0
end_of_record
TN:
SF:routes/patient.routes.js
FNF:0
FNH:0
DA:1,1
DA:2,1
DA:13,1
DA:15,1
DA:17,1
DA:18,1
DA:19,1
DA:20,1
DA:21,1
DA:22,1
DA:23,1
DA:25,1
DA:27,1
LF:13
LH:13
BRF:0
BRH:0
end_of_record
TN:
SF:routes/task.routes.js
FNF:0
FNH:0
DA:1,1
DA:2,1
DA:9,1
DA:11,1
DA:13,1
DA:15,1
DA:17,1
DA:19,1
DA:21,1
LF:9
LH:9
BRF:0
BRH:0
end_of_record
TN:
SF:routes/user.routes.js
FNF:0
FNH:0
DA:1,1
DA:5,1
DA:6,1
DA:8,1
DA:10,1
DA:12,1
LF:6
LH:6
BRF:0
BRH:0
end_of_record
TN:
SF:utils/get_age.js
FN:1,(anonymous_0)
FNF:1
FNH:1
FNDA:1,(anonymous_0)
DA:1,1
DA:2,1
DA:3,1
DA:4,1
LF:4
LH:4
BRF:0
BRH:0
end_of_record
